[ 2018-04-26T09:39:38+08:00 ][ sql ] [ DB ] CONNECT:[ UseTime:0.044000s ] mysql:host=127.0.0.1;dbname=fastadmin;charset=utf8
[ 2018-04-26T09:39:38+08:00 ][ sql ] [ SQL ] SHOW TABLE STATUS LIKE 'song;' [ RunTime:0.001000s ]
[ 2018-04-26T09:39:38+08:00 ][ sql ] [ SQL ] SHOW TABLE STATUS LIKE 'fa_song;' [ RunTime:0.000000s ]
[ 2018-04-26T09:41:06+08:00 ][ sql ] [ DB ] CONNECT:[ UseTime:0.060000s ] mysql:host=127.0.0.1;dbname=fastadmin;charset=utf8
[ 2018-04-26T09:41:06+08:00 ][ sql ] [ SQL ] SHOW TABLE STATUS LIKE 'test' [ RunTime:0.001000s ]
[ 2018-04-26T09:41:06+08:00 ][ sql ] [ SQL ] SHOW TABLE STATUS LIKE 'fa_test' [ RunTime:0.016000s ]
[ 2018-04-26T09:41:06+08:00 ][ sql ] [ SQL ] SELECT * FROM `information_schema`.`columns` WHERE TABLE_SCHEMA = 'fastadmin' AND table_name = 'fa_test' ORDER BY ORDINAL_POSITION [ RunTime:0.030000s ]
[ 2018-04-26T09:41:07+08:00 ][ sql ] [ DB ] CONNECT:[ UseTime:0.047000s ] mysql:host=127.0.0.1;dbname=fastadmin;charset=utf8
[ 2018-04-26T09:41:07+08:00 ][ sql ] [ SQL ] SHOW COLUMNS FROM `fa_auth_rule` [ RunTime:0.015000s ]
[ 2018-04-26T09:41:07+08:00 ][ sql ] [ SQL ] SELECT * FROM `fa_auth_rule` WHERE  `name` = 'test' LIMIT 1 [ RunTime:0.001000s ]
[ 2018-04-26T09:41:07+08:00 ][ sql ] [ SQL ] INSERT INTO `fa_auth_rule` (`pid` , `name` , `title` , `icon` , `remark` , `ismenu` , `status` , `createtime` , `updatetime`) VALUES (0 , 'test' , '测试管理' , 'fa fa-circle-o' , '' , 1 , 'normal' , 1524706867 , 1524706867) [ RunTime:0.037000s ]
[ 2018-04-26T09:41:07+08:00 ][ sql ] [ SQL ] SELECT `id` FROM `fa_auth_rule` WHERE  `name` = 'test/index' LIMIT 1 [ RunTime:0.001000s ]
[ 2018-04-26T09:41:07+08:00 ][ sql ] [ SQL ] SELECT `id` FROM `fa_auth_rule` WHERE  `name` = 'test/add' LIMIT 1 [ RunTime:0.001000s ]
[ 2018-04-26T09:41:07+08:00 ][ sql ] [ SQL ] SELECT `id` FROM `fa_auth_rule` WHERE  `name` = 'test/edit' LIMIT 1 [ RunTime:0.001000s ]
[ 2018-04-26T09:41:07+08:00 ][ sql ] [ SQL ] SELECT `id` FROM `fa_auth_rule` WHERE  `name` = 'test/del' LIMIT 1 [ RunTime:0.001000s ]
[ 2018-04-26T09:41:07+08:00 ][ sql ] [ SQL ] SELECT `id` FROM `fa_auth_rule` WHERE  `name` = 'test/multi' LIMIT 1 [ RunTime:0.001000s ]
[ 2018-04-26T09:41:07+08:00 ][ sql ] [ SQL ] INSERT INTO `fa_auth_rule` (`id` , `pid` , `name` , `icon` , `title` , `ismenu` , `status` , `createtime` , `updatetime`) VALUES (NULL , 85 , 'test/index' , 'fa fa-circle-o' , '查看' , 0 , 'normal' , 1524706867 , 1524706867) [ RunTime:0.001000s ]
[ 2018-04-26T09:41:07+08:00 ][ sql ] [ SQL ] INSERT INTO `fa_auth_rule` (`id` , `pid` , `name` , `icon` , `title` , `ismenu` , `status` , `createtime` , `updatetime`) VALUES (NULL , 85 , 'test/add' , 'fa fa-circle-o' , '添加' , 0 , 'normal' , 1524706867 , 1524706867) [ RunTime:0.001000s ]
[ 2018-04-26T09:41:07+08:00 ][ sql ] [ SQL ] INSERT INTO `fa_auth_rule` (`id` , `pid` , `name` , `icon` , `title` , `ismenu` , `status` , `createtime` , `updatetime`) VALUES (NULL , 85 , 'test/edit' , 'fa fa-circle-o' , '编辑' , 0 , 'normal' , 1524706867 , 1524706867) [ RunTime:0.000000s ]
[ 2018-04-26T09:41:07+08:00 ][ sql ] [ SQL ] INSERT INTO `fa_auth_rule` (`id` , `pid` , `name` , `icon` , `title` , `ismenu` , `status` , `createtime` , `updatetime`) VALUES (NULL , 85 , 'test/del' , 'fa fa-circle-o' , '删除' , 0 , 'normal' , 1524706867 , 1524706867) [ RunTime:0.000000s ]
[ 2018-04-26T09:41:07+08:00 ][ sql ] [ SQL ] INSERT INTO `fa_auth_rule` (`id` , `pid` , `name` , `icon` , `title` , `ismenu` , `status` , `createtime` , `updatetime`) VALUES (NULL , 85 , 'test/multi' , 'fa fa-circle-o' , '批量更新' , 0 , 'normal' , 1524706867 , 1524706867) [ RunTime:0.000000s ]
[ 2018-04-26T09:49:58+08:00 ][ sql ] [ DB ] CONNECT:[ UseTime:0.047000s ] mysql:host=127.0.0.1;dbname=fastadmin;charset=utf8
[ 2018-04-26T09:49:58+08:00 ][ sql ] [ SQL ] SHOW TABLE STATUS LIKE 'test' [ RunTime:0.001000s ]
[ 2018-04-26T09:49:58+08:00 ][ sql ] [ SQL ] SHOW TABLE STATUS LIKE 'fa_test' [ RunTime:0.001000s ]
[ 2018-04-26T09:50:19+08:00 ][ sql ] [ DB ] CONNECT:[ UseTime:0.050000s ] mysql:host=127.0.0.1;dbname=fastadmin;charset=utf8
[ 2018-04-26T09:50:19+08:00 ][ sql ] [ SQL ] SHOW TABLE STATUS LIKE 'song' [ RunTime:0.002000s ]
[ 2018-04-26T09:50:19+08:00 ][ sql ] [ SQL ] SHOW TABLE STATUS LIKE 'fa_song' [ RunTime:0.000000s ]
[ 2018-04-26T09:51:41+08:00 ][ sql ] [ DB ] CONNECT:[ UseTime:0.047000s ] mysql:host=127.0.0.1;dbname=fastadmin;charset=utf8
[ 2018-04-26T09:51:41+08:00 ][ sql ] [ SQL ] SHOW TABLE STATUS LIKE 'song' [ RunTime:0.003000s ]
[ 2018-04-26T09:51:41+08:00 ][ sql ] [ SQL ] SHOW TABLE STATUS LIKE 'fa_song' [ RunTime:0.001000s ]
[ 2018-04-26T09:54:33+08:00 ][ sql ] [ DB ] CONNECT:[ UseTime:0.053000s ] mysql:host=127.0.0.1;dbname=fastadmin;charset=utf8
[ 2018-04-26T09:54:33+08:00 ][ sql ] [ SQL ] SHOW TABLE STATUS LIKE 'song' [ RunTime:0.001000s ]
[ 2018-04-26T09:54:33+08:00 ][ sql ] [ SQL ] SHOW TABLE STATUS LIKE 'fa_song' [ RunTime:0.001000s ]
[ 2018-04-26T10:02:43+08:00 ][ info ] [ BEHAVIOR ] Run Closure @app_init [ RunTime:0.000000s ]
[ info ] [ LOG ] INIT File
[ 2018-04-26T10:02:43+08:00 ][ info ] [ CACHE ] INIT File
[ 2018-04-26T10:02:43+08:00 ][ info ] [ BEHAVIOR ] Run Closure @app_init [ RunTime:0.005000s ]
[ 2018-04-26T14:31:02+08:00 ][ info ] [ BEHAVIOR ] Run Closure @app_init [ RunTime:0.001000s ]
[ info ] [ LOG ] INIT File
[ 2018-04-26T14:31:02+08:00 ][ info ] [ CACHE ] INIT File
[ 2018-04-26T14:31:02+08:00 ][ info ] [ BEHAVIOR ] Run Closure @app_init [ RunTime:0.002000s ]
[ 2018-04-26T14:31:02+08:00 ][ info ] [ DB ] INIT mysql
[ 2018-04-26T14:31:02+08:00 ][ sql ] [ DB ] CONNECT:[ UseTime:0.046000s ] mysql:host=127.0.0.1;dbname=fastadmin;charset=utf8
[ 2018-04-26T14:31:02+08:00 ][ sql ] [ SQL ] SHOW TABLE STATUS LIKE 'dm' [ RunTime:0.001000s ]
[ 2018-04-26T14:31:02+08:00 ][ sql ] [ SQL ] SHOW TABLE STATUS LIKE 'fa_dm' [ RunTime:0.001000s ]
[ 2018-04-26T14:31:02+08:00 ][ sql ] [ SQL ] SELECT * FROM `information_schema`.`columns` WHERE TABLE_SCHEMA = 'fastadmin' AND table_name = 'fa_dm' ORDER BY ORDINAL_POSITION [ RunTime:0.011000s ]
[ 2018-04-26T14:31:02+08:00 ][ info ] [ BEHAVIOR ] Run Closure @app_init [ RunTime:0.000000s ]
[ info ] [ LOG ] INIT File
[ 2018-04-26T14:31:02+08:00 ][ info ] [ CACHE ] INIT File
[ 2018-04-26T14:31:02+08:00 ][ info ] [ BEHAVIOR ] Run Closure @app_init [ RunTime:0.005000s ]
[ 2018-04-26T14:31:02+08:00 ][ info ] [ DB ] INIT mysql
[ 2018-04-26T14:31:02+08:00 ][ info ] [ LANG ] D:\phpStudy\WWW\FastAdmin\application\admin\lang/zh-cn.php
[ 2018-04-26T14:31:02+08:00 ][ sql ] [ DB ] CONNECT:[ UseTime:0.066000s ] mysql:host=127.0.0.1;dbname=fastadmin;charset=utf8
[ 2018-04-26T14:31:02+08:00 ][ sql ] [ SQL ] SHOW COLUMNS FROM `fa_auth_rule` [ RunTime:0.012000s ]
[ 2018-04-26T14:31:02+08:00 ][ sql ] [ SQL ] SELECT * FROM `fa_auth_rule` WHERE  `name` = 'dm' LIMIT 1 [ RunTime:0.001000s ]
[ 2018-04-26T14:31:02+08:00 ][ sql ] [ SQL ] INSERT INTO `fa_auth_rule` (`pid` , `name` , `title` , `icon` , `remark` , `ismenu` , `status` , `createtime` , `updatetime`) VALUES (0 , 'dm' , 'Dm' , 'fa fa-circle-o' , '' , 1 , 'normal' , 1524724262 , 1524724262) [ RunTime:0.041000s ]
[ 2018-04-26T14:31:02+08:00 ][ sql ] [ SQL ] SELECT `id` FROM `fa_auth_rule` WHERE  `name` = 'dm/index' LIMIT 1 [ RunTime:0.000000s ]
[ 2018-04-26T14:31:02+08:00 ][ sql ] [ SQL ] SELECT `id` FROM `fa_auth_rule` WHERE  `name` = 'dm/add' LIMIT 1 [ RunTime:0.000000s ]
[ 2018-04-26T14:31:02+08:00 ][ sql ] [ SQL ] SELECT `id` FROM `fa_auth_rule` WHERE  `name` = 'dm/edit' LIMIT 1 [ RunTime:0.001000s ]
[ 2018-04-26T14:31:02+08:00 ][ sql ] [ SQL ] SELECT `id` FROM `fa_auth_rule` WHERE  `name` = 'dm/del' LIMIT 1 [ RunTime:0.001000s ]
[ 2018-04-26T14:31:02+08:00 ][ sql ] [ SQL ] SELECT `id` FROM `fa_auth_rule` WHERE  `name` = 'dm/multi' LIMIT 1 [ RunTime:0.000000s ]
[ 2018-04-26T14:31:02+08:00 ][ sql ] [ SQL ] INSERT INTO `fa_auth_rule` (`id` , `pid` , `name` , `icon` , `title` , `ismenu` , `status` , `createtime` , `updatetime`) VALUES (NULL , 91 , 'dm/index' , 'fa fa-circle-o' , '查看' , 0 , 'normal' , 1524724262 , 1524724262) [ RunTime:0.001000s ]
[ 2018-04-26T14:31:02+08:00 ][ sql ] [ SQL ] INSERT INTO `fa_auth_rule` (`id` , `pid` , `name` , `icon` , `title` , `ismenu` , `status` , `createtime` , `updatetime`) VALUES (NULL , 91 , 'dm/add' , 'fa fa-circle-o' , '添加' , 0 , 'normal' , 1524724262 , 1524724262) [ RunTime:0.000000s ]
[ 2018-04-26T14:31:02+08:00 ][ sql ] [ SQL ] INSERT INTO `fa_auth_rule` (`id` , `pid` , `name` , `icon` , `title` , `ismenu` , `status` , `createtime` , `updatetime`) VALUES (NULL , 91 , 'dm/edit' , 'fa fa-circle-o' , '编辑' , 0 , 'normal' , 1524724262 , 1524724262) [ RunTime:0.000000s ]
[ 2018-04-26T14:31:02+08:00 ][ sql ] [ SQL ] INSERT INTO `fa_auth_rule` (`id` , `pid` , `name` , `icon` , `title` , `ismenu` , `status` , `createtime` , `updatetime`) VALUES (NULL , 91 , 'dm/del' , 'fa fa-circle-o' , '删除' , 0 , 'normal' , 1524724262 , 1524724262) [ RunTime:0.000000s ]
[ 2018-04-26T14:31:03+08:00 ][ sql ] [ SQL ] INSERT INTO `fa_auth_rule` (`id` , `pid` , `name` , `icon` , `title` , `ismenu` , `status` , `createtime` , `updatetime`) VALUES (NULL , 91 , 'dm/multi' , 'fa fa-circle-o' , '批量更新' , 0 , 'normal' , 1524724262 , 1524724262) [ RunTime:0.001000s ]
[ 2018-04-26T14:36:33+08:00 ][ info ] [ BEHAVIOR ] Run Closure @app_init [ RunTime:0.000000s ]
[ info ] [ LOG ] INIT File
[ 2018-04-26T14:36:33+08:00 ][ info ] [ CACHE ] INIT File
[ 2018-04-26T14:36:33+08:00 ][ info ] [ BEHAVIOR ] Run Closure @app_init [ RunTime:0.005000s ]
[ 2018-04-26T14:36:46+08:00 ][ info ] [ BEHAVIOR ] Run Closure @app_init [ RunTime:0.001000s ]
[ info ] [ LOG ] INIT File
[ 2018-04-26T14:36:46+08:00 ][ info ] [ CACHE ] INIT File
[ 2018-04-26T14:36:46+08:00 ][ info ] [ BEHAVIOR ] Run Closure @app_init [ RunTime:0.004000s ]
[ 2018-04-26T14:36:46+08:00 ][ info ] [ DB ] INIT mysql
[ 2018-04-26T14:36:46+08:00 ][ info ] [ LANG ] D:\phpStudy\WWW\FastAdmin\application\admin\lang/zh-cn.php
[ 2018-04-26T14:36:46+08:00 ][ sql ] [ DB ] CONNECT:[ UseTime:0.046000s ] mysql:host=127.0.0.1;dbname=fastadmin;charset=utf8
[ 2018-04-26T14:36:46+08:00 ][ sql ] [ SQL ] SHOW COLUMNS FROM `fa_auth_rule` [ RunTime:0.012000s ]
[ 2018-04-26T14:36:46+08:00 ][ sql ] [ SQL ] SELECT * FROM `fa_auth_rule` WHERE  `name` = 'dm' LIMIT 1 [ RunTime:0.001000s ]
[ 2018-04-26T14:36:46+08:00 ][ sql ] [ SQL ] SELECT `id` FROM `fa_auth_rule` WHERE  `name` = 'dm/index' LIMIT 1 [ RunTime:0.000000s ]
[ 2018-04-26T14:36:46+08:00 ][ sql ] [ SQL ] SELECT `id` FROM `fa_auth_rule` WHERE  `name` = 'dm/add' LIMIT 1 [ RunTime:0.001000s ]
[ 2018-04-26T14:36:46+08:00 ][ sql ] [ SQL ] SELECT `id` FROM `fa_auth_rule` WHERE  `name` = 'dm/edit' LIMIT 1 [ RunTime:0.000000s ]
[ 2018-04-26T14:36:46+08:00 ][ sql ] [ SQL ] SELECT `id` FROM `fa_auth_rule` WHERE  `name` = 'dm/del' LIMIT 1 [ RunTime:0.000000s ]
[ 2018-04-26T14:36:46+08:00 ][ sql ] [ SQL ] SELECT `id` FROM `fa_auth_rule` WHERE  `name` = 'dm/multi' LIMIT 1 [ RunTime:0.000000s ]
[ 2018-04-26T14:36:46+08:00 ][ sql ] [ SQL ] UPDATE `fa_auth_rule`  SET `pid`=91,`name`='dm/index',`icon`='fa fa-circle-o',`title`='查看',`ismenu`=0,`status`='normal',`updatetime`=1524724606  WHERE  `id` = 92 [ RunTime:0.000000s ]
[ 2018-04-26T14:36:46+08:00 ][ sql ] [ SQL ] UPDATE `fa_auth_rule`  SET `pid`=91,`name`='dm/add',`icon`='fa fa-circle-o',`title`='添加',`ismenu`=0,`status`='normal',`updatetime`=1524724606  WHERE  `id` = 93 [ RunTime:0.000000s ]
[ 2018-04-26T14:36:46+08:00 ][ sql ] [ SQL ] UPDATE `fa_auth_rule`  SET `pid`=91,`name`='dm/edit',`icon`='fa fa-circle-o',`title`='编辑',`ismenu`=0,`status`='normal',`updatetime`=1524724606  WHERE  `id` = 94 [ RunTime:0.000000s ]
[ 2018-04-26T14:36:46+08:00 ][ sql ] [ SQL ] UPDATE `fa_auth_rule`  SET `pid`=91,`name`='dm/del',`icon`='fa fa-circle-o',`title`='删除',`ismenu`=0,`status`='normal',`updatetime`=1524724606  WHERE  `id` = 95 [ RunTime:0.000000s ]
[ 2018-04-26T14:36:46+08:00 ][ sql ] [ SQL ] UPDATE `fa_auth_rule`  SET `pid`=91,`name`='dm/multi',`icon`='fa fa-circle-o',`title`='批量更新',`ismenu`=0,`status`='normal',`updatetime`=1524724606  WHERE  `id` = 96 [ RunTime:0.001000s ]
[ 2018-04-26T15:12:26+08:00 ][ info ] [ BEHAVIOR ] Run Closure @app_init [ RunTime:0.000000s ]
[ info ] [ LOG ] INIT File
[ 2018-04-26T15:12:26+08:00 ][ info ] [ CACHE ] INIT File
[ 2018-04-26T15:12:26+08:00 ][ info ] [ BEHAVIOR ] Run Closure @app_init [ RunTime:0.003000s ]
[ 2018-04-26T15:13:28+08:00 ][ info ] [ BEHAVIOR ] Run Closure @app_init [ RunTime:0.001000s ]
[ info ] [ LOG ] INIT File
[ 2018-04-26T15:13:28+08:00 ][ info ] [ CACHE ] INIT File
[ 2018-04-26T15:13:28+08:00 ][ info ] [ BEHAVIOR ] Run Closure @app_init [ RunTime:0.005000s ]
[ 2018-04-26T15:13:28+08:00 ][ info ] [ DB ] INIT mysql
[ 2018-04-26T15:13:28+08:00 ][ sql ] [ DB ] CONNECT:[ UseTime:0.046000s ] mysql:host=127.0.0.1;dbname=fastadmin;charset=utf8
[ 2018-04-26T15:13:28+08:00 ][ sql ] [ SQL ] SHOW TABLE STATUS LIKE 'dm' [ RunTime:0.001000s ]
[ 2018-04-26T15:13:28+08:00 ][ sql ] [ SQL ] SHOW TABLE STATUS LIKE 'fa_dm' [ RunTime:0.001000s ]
[ 2018-04-26T15:13:46+08:00 ][ info ] [ BEHAVIOR ] Run Closure @app_init [ RunTime:0.000000s ]
[ info ] [ LOG ] INIT File
[ 2018-04-26T15:13:46+08:00 ][ info ] [ CACHE ] INIT File
[ 2018-04-26T15:13:46+08:00 ][ info ] [ BEHAVIOR ] Run Closure @app_init [ RunTime:0.005000s ]
[ 2018-04-26T15:13:46+08:00 ][ info ] [ DB ] INIT mysql
[ 2018-04-26T15:13:46+08:00 ][ sql ] [ DB ] CONNECT:[ UseTime:0.045000s ] mysql:host=127.0.0.1;dbname=fastadmin;charset=utf8
[ 2018-04-26T15:13:46+08:00 ][ sql ] [ SQL ] SHOW TABLE STATUS LIKE 'dm' [ RunTime:0.001000s ]
[ 2018-04-26T15:13:46+08:00 ][ sql ] [ SQL ] SHOW TABLE STATUS LIKE 'fa_dm' [ RunTime:0.001000s ]
[ 2018-04-26T15:14:24+08:00 ][ info ] [ BEHAVIOR ] Run Closure @app_init [ RunTime:0.001000s ]
[ info ] [ LOG ] INIT File
[ 2018-04-26T15:14:24+08:00 ][ info ] [ CACHE ] INIT File
[ 2018-04-26T15:14:24+08:00 ][ info ] [ BEHAVIOR ] Run Closure @app_init [ RunTime:0.004000s ]
[ 2018-04-26T15:14:24+08:00 ][ info ] [ DB ] INIT mysql
[ 2018-04-26T15:14:24+08:00 ][ sql ] [ DB ] CONNECT:[ UseTime:0.062000s ] mysql:host=127.0.0.1;dbname=fastadmin;charset=utf8
[ 2018-04-26T15:14:24+08:00 ][ sql ] [ SQL ] SHOW TABLE STATUS LIKE 'dma' [ RunTime:0.001000s ]
[ 2018-04-26T15:14:24+08:00 ][ sql ] [ SQL ] SHOW TABLE STATUS LIKE 'fa_dma' [ RunTime:0.001000s ]
[ 2018-04-26T15:14:32+08:00 ][ info ] [ BEHAVIOR ] Run Closure @app_init [ RunTime:0.000000s ]
[ info ] [ LOG ] INIT File
[ 2018-04-26T15:14:32+08:00 ][ info ] [ CACHE ] INIT File
[ 2018-04-26T15:14:32+08:00 ][ info ] [ BEHAVIOR ] Run Closure @app_init [ RunTime:0.003000s ]
[ 2018-04-26T15:14:32+08:00 ][ info ] [ DB ] INIT mysql
[ 2018-04-26T15:14:32+08:00 ][ sql ] [ DB ] CONNECT:[ UseTime:0.045000s ] mysql:host=127.0.0.1;dbname=fastadmin;charset=utf8
[ 2018-04-26T15:14:32+08:00 ][ sql ] [ SQL ] SHOW TABLE STATUS LIKE 'dm' [ RunTime:0.001000s ]
[ 2018-04-26T15:14:32+08:00 ][ sql ] [ SQL ] SHOW TABLE STATUS LIKE 'fa_dm' [ RunTime:0.000000s ]
[ 2018-04-26T15:15:35+08:00 ][ info ] [ BEHAVIOR ] Run Closure @app_init [ RunTime:0.000000s ]
[ info ] [ LOG ] INIT File
[ 2018-04-26T15:15:35+08:00 ][ info ] [ CACHE ] INIT File
[ 2018-04-26T15:15:35+08:00 ][ info ] [ BEHAVIOR ] Run Closure @app_init [ RunTime:0.004000s ]
[ 2018-04-26T15:15:35+08:00 ][ info ] [ DB ] INIT mysql
[ 2018-04-26T15:15:35+08:00 ][ sql ] [ DB ] CONNECT:[ UseTime:0.054000s ] mysql:host=127.0.0.1;dbname=fastadmin;charset=utf8
[ 2018-04-26T15:15:35+08:00 ][ sql ] [ SQL ] SHOW TABLE STATUS LIKE 'test' [ RunTime:0.000000s ]
[ 2018-04-26T15:15:35+08:00 ][ sql ] [ SQL ] SHOW TABLE STATUS LIKE 'fa_test' [ RunTime:0.001000s ]
[ 2018-04-26T15:15:35+08:00 ][ sql ] [ SQL ] SHOW TABLE STATUS LIKE 'category' [ RunTime:0.000000s ]
[ 2018-04-26T15:15:35+08:00 ][ sql ] [ SQL ] SHOW TABLE STATUS LIKE 'fa_category' [ RunTime:0.001000s ]
[ 2018-04-26T15:16:13+08:00 ][ info ] [ BEHAVIOR ] Run Closure @app_init [ RunTime:0.000000s ]
[ info ] [ LOG ] INIT File
[ 2018-04-26T15:16:13+08:00 ][ info ] [ CACHE ] INIT File
[ 2018-04-26T15:16:13+08:00 ][ info ] [ BEHAVIOR ] Run Closure @app_init [ RunTime:0.003000s ]
[ 2018-04-26T15:16:13+08:00 ][ info ] [ DB ] INIT mysql
[ 2018-04-26T15:16:13+08:00 ][ sql ] [ DB ] CONNECT:[ UseTime:0.058000s ] mysql:host=127.0.0.1;dbname=fastadmin;charset=utf8
[ 2018-04-26T15:16:13+08:00 ][ sql ] [ SQL ] SHOW TABLE STATUS LIKE 'test' [ RunTime:0.001000s ]
[ 2018-04-26T15:16:13+08:00 ][ sql ] [ SQL ] SHOW TABLE STATUS LIKE 'fa_test' [ RunTime:0.001000s ]
[ 2018-04-26T15:16:29+08:00 ][ info ] [ BEHAVIOR ] Run Closure @app_init [ RunTime:0.000000s ]
[ info ] [ LOG ] INIT File
[ 2018-04-26T15:16:29+08:00 ][ info ] [ CACHE ] INIT File
[ 2018-04-26T15:16:29+08:00 ][ info ] [ BEHAVIOR ] Run Closure @app_init [ RunTime:0.003000s ]
[ 2018-04-26T15:16:29+08:00 ][ info ] [ DB ] INIT mysql
[ 2018-04-26T15:16:29+08:00 ][ sql ] [ DB ] CONNECT:[ UseTime:0.047000s ] mysql:host=127.0.0.1;dbname=fastadmin;charset=utf8
[ 2018-04-26T15:16:29+08:00 ][ sql ] [ SQL ] SHOW TABLE STATUS LIKE 'test' [ RunTime:0.001000s ]
[ 2018-04-26T15:16:29+08:00 ][ sql ] [ SQL ] SHOW TABLE STATUS LIKE 'fa_test' [ RunTime:0.001000s ]
[ 2018-04-26T15:16:55+08:00 ][ info ] [ BEHAVIOR ] Run Closure @app_init [ RunTime:0.000000s ]
[ info ] [ LOG ] INIT File
[ 2018-04-26T15:16:55+08:00 ][ info ] [ CACHE ] INIT File
[ 2018-04-26T15:16:55+08:00 ][ info ] [ BEHAVIOR ] Run Closure @app_init [ RunTime:0.003000s ]
[ 2018-04-26T15:16:55+08:00 ][ info ] [ DB ] INIT mysql
[ 2018-04-26T15:16:55+08:00 ][ sql ] [ DB ] CONNECT:[ UseTime:0.045000s ] mysql:host=127.0.0.1;dbname=fastadmin;charset=utf8
[ 2018-04-26T15:16:55+08:00 ][ sql ] [ SQL ] SHOW TABLE STATUS LIKE 'dm' [ RunTime:0.001000s ]
[ 2018-04-26T15:16:55+08:00 ][ sql ] [ SQL ] SHOW TABLE STATUS LIKE 'fa_dm' [ RunTime:0.001000s ]
[ 2018-04-26T15:17:06+08:00 ][ info ] [ BEHAVIOR ] Run Closure @app_init [ RunTime:0.000000s ]
[ info ] [ LOG ] INIT File
[ 2018-04-26T15:17:06+08:00 ][ info ] [ CACHE ] INIT File
[ 2018-04-26T15:17:06+08:00 ][ info ] [ BEHAVIOR ] Run Closure @app_init [ RunTime:0.004000s ]
[ 2018-04-26T15:17:06+08:00 ][ info ] [ DB ] INIT mysql
[ 2018-04-26T15:17:07+08:00 ][ sql ] [ DB ] CONNECT:[ UseTime:0.044000s ] mysql:host=127.0.0.1;dbname=fastadmin;charset=utf8
[ 2018-04-26T15:17:07+08:00 ][ sql ] [ SQL ] SHOW TABLE STATUS LIKE 'dma' [ RunTime:0.001000s ]
[ 2018-04-26T15:17:07+08:00 ][ sql ] [ SQL ] SHOW TABLE STATUS LIKE 'fa_dma' [ RunTime:0.001000s ]
[ 2018-04-26T15:18:04+08:00 ][ info ] [ BEHAVIOR ] Run Closure @app_init [ RunTime:0.000000s ]
[ info ] [ LOG ] INIT File
[ 2018-04-26T15:18:04+08:00 ][ info ] [ CACHE ] INIT File
[ 2018-04-26T15:18:04+08:00 ][ info ] [ BEHAVIOR ] Run Closure @app_init [ RunTime:0.002000s ]
[ 2018-04-26T15:18:04+08:00 ][ info ] [ DB ] INIT mysql
[ 2018-04-26T15:18:04+08:00 ][ sql ] [ DB ] CONNECT:[ UseTime:0.045000s ] mysql:host=127.0.0.1;dbname=fastadmin;charset=utf8
[ 2018-04-26T15:18:04+08:00 ][ sql ] [ SQL ] SHOW TABLE STATUS LIKE 'test' [ RunTime:0.000000s ]
[ 2018-04-26T15:18:04+08:00 ][ sql ] [ SQL ] SHOW TABLE STATUS LIKE 'fa_test' [ RunTime:0.001000s ]
[ 2018-04-26T15:18:04+08:00 ][ sql ] [ SQL ] SHOW TABLE STATUS LIKE 'category' [ RunTime:0.000000s ]
[ 2018-04-26T15:18:04+08:00 ][ sql ] [ SQL ] SHOW TABLE STATUS LIKE 'fa_category' [ RunTime:0.001000s ]
[ 2018-04-26T15:18:04+08:00 ][ sql ] [ SQL ] SELECT * FROM `information_schema`.`columns` WHERE TABLE_SCHEMA = 'fastadmin' AND table_name = 'fa_test' ORDER BY ORDINAL_POSITION [ RunTime:0.010000s ]
[ 2018-04-26T15:18:04+08:00 ][ sql ] [ SQL ] SELECT * FROM `information_schema`.`columns` WHERE TABLE_SCHEMA = 'fastadmin' AND table_name = 'fa_category' ORDER BY ORDINAL_POSITION [ RunTime:0.011000s ]
[ 2018-04-26T15:22:13+08:00 ][ info ] [ BEHAVIOR ] Run Closure @app_init [ RunTime:0.000000s ]
[ info ] [ LOG ] INIT File
[ 2018-04-26T15:22:13+08:00 ][ info ] [ CACHE ] INIT File
[ 2018-04-26T15:22:13+08:00 ][ info ] [ BEHAVIOR ] Run Closure @app_init [ RunTime:0.004000s ]
[ 2018-04-26T15:22:13+08:00 ][ info ] [ DB ] INIT mysql
[ 2018-04-26T15:22:13+08:00 ][ sql ] [ DB ] CONNECT:[ UseTime:0.054000s ] mysql:host=127.0.0.1;dbname=fastadmin;charset=utf8
[ 2018-04-26T15:22:13+08:00 ][ sql ] [ SQL ] SHOW TABLE STATUS LIKE 'dm' [ RunTime:0.002000s ]
[ 2018-04-26T15:22:13+08:00 ][ sql ] [ SQL ] SHOW TABLE STATUS LIKE 'fa_dm' [ RunTime:0.001000s ]
[ 2018-04-26T15:22:13+08:00 ][ sql ] [ SQL ] SELECT * FROM `information_schema`.`columns` WHERE TABLE_SCHEMA = 'fastadmin' AND table_name = 'fa_dm' ORDER BY ORDINAL_POSITION [ RunTime:0.011000s ]
[ 2018-04-26T15:22:13+08:00 ][ info ] [ BEHAVIOR ] Run Closure @app_init [ RunTime:0.000000s ]
[ info ] [ LOG ] INIT File
[ 2018-04-26T15:22:13+08:00 ][ info ] [ CACHE ] INIT File
[ 2018-04-26T15:22:13+08:00 ][ info ] [ BEHAVIOR ] Run Closure @app_init [ RunTime:0.003000s ]
[ 2018-04-26T15:22:13+08:00 ][ info ] [ DB ] INIT mysql
[ 2018-04-26T15:22:13+08:00 ][ info ] [ LANG ] D:\phpStudy\WWW\FastAdmin\application\admin\lang/zh-cn.php
[ 2018-04-26T15:22:13+08:00 ][ sql ] [ DB ] CONNECT:[ UseTime:0.047000s ] mysql:host=127.0.0.1;dbname=fastadmin;charset=utf8
[ 2018-04-26T15:22:13+08:00 ][ sql ] [ SQL ] SHOW COLUMNS FROM `fa_auth_rule` [ RunTime:0.010000s ]
[ 2018-04-26T15:22:13+08:00 ][ sql ] [ SQL ] SELECT * FROM `fa_auth_rule` WHERE  `name` = 'dm' LIMIT 1 [ RunTime:0.001000s ]
[ 2018-04-26T15:22:13+08:00 ][ sql ] [ SQL ] INSERT INTO `fa_auth_rule` (`pid` , `name` , `title` , `icon` , `remark` , `ismenu` , `status` , `createtime` , `updatetime`) VALUES (0 , 'dm' , 'Dm' , 'fa fa-circle-o' , '' , 1 , 'normal' , 1524727333 , 1524727333) [ RunTime:0.121000s ]
[ 2018-04-26T15:22:13+08:00 ][ sql ] [ SQL ] SELECT `id` FROM `fa_auth_rule` WHERE  `name` = 'dm/index' LIMIT 1 [ RunTime:0.001000s ]
[ 2018-04-26T15:22:13+08:00 ][ sql ] [ SQL ] SELECT `id` FROM `fa_auth_rule` WHERE  `name` = 'dm/add' LIMIT 1 [ RunTime:0.000000s ]
[ 2018-04-26T15:22:13+08:00 ][ sql ] [ SQL ] SELECT `id` FROM `fa_auth_rule` WHERE  `name` = 'dm/edit' LIMIT 1 [ RunTime:0.001000s ]
[ 2018-04-26T15:22:13+08:00 ][ sql ] [ SQL ] SELECT `id` FROM `fa_auth_rule` WHERE  `name` = 'dm/del' LIMIT 1 [ RunTime:0.001000s ]
[ 2018-04-26T15:22:13+08:00 ][ sql ] [ SQL ] SELECT `id` FROM `fa_auth_rule` WHERE  `name` = 'dm/multi' LIMIT 1 [ RunTime:0.000000s ]
[ 2018-04-26T15:22:13+08:00 ][ sql ] [ SQL ] INSERT INTO `fa_auth_rule` (`id` , `pid` , `name` , `icon` , `title` , `ismenu` , `status` , `createtime` , `updatetime`) VALUES (NULL , 97 , 'dm/index' , 'fa fa-circle-o' , '查看' , 0 , 'normal' , 1524727333 , 1524727333) [ RunTime:0.000000s ]
[ 2018-04-26T15:22:13+08:00 ][ sql ] [ SQL ] INSERT INTO `fa_auth_rule` (`id` , `pid` , `name` , `icon` , `title` , `ismenu` , `status` , `createtime` , `updatetime`) VALUES (NULL , 97 , 'dm/add' , 'fa fa-circle-o' , '添加' , 0 , 'normal' , 1524727333 , 1524727333) [ RunTime:0.000000s ]
[ 2018-04-26T15:22:13+08:00 ][ sql ] [ SQL ] INSERT INTO `fa_auth_rule` (`id` , `pid` , `name` , `icon` , `title` , `ismenu` , `status` , `createtime` , `updatetime`) VALUES (NULL , 97 , 'dm/edit' , 'fa fa-circle-o' , '编辑' , 0 , 'normal' , 1524727333 , 1524727333) [ RunTime:0.000000s ]
[ 2018-04-26T15:22:13+08:00 ][ sql ] [ SQL ] INSERT INTO `fa_auth_rule` (`id` , `pid` , `name` , `icon` , `title` , `ismenu` , `status` , `createtime` , `updatetime`) VALUES (NULL , 97 , 'dm/del' , 'fa fa-circle-o' , '删除' , 0 , 'normal' , 1524727333 , 1524727333) [ RunTime:0.001000s ]
[ 2018-04-26T15:22:13+08:00 ][ sql ] [ SQL ] INSERT INTO `fa_auth_rule` (`id` , `pid` , `name` , `icon` , `title` , `ismenu` , `status` , `createtime` , `updatetime`) VALUES (NULL , 97 , 'dm/multi' , 'fa fa-circle-o' , '批量更新' , 0 , 'normal' , 1524727333 , 1524727333) [ RunTime:0.000000s ]
