---------------------------------------------------------------
[ 2018-06-28T14:44:50+08:00 ] 127.0.0.1 GET /admin/companymanager?addtabs=1
[ info ] www.fastadminsong.com/admin/companymanager?addtabs=1 [运行时间：0.099000s][吞吐率：10.10req/s] [内存消耗：2,930.45kb] [文件加载：84]
[ info ] [ BEHAVIOR ] Run Closure @app_init [ RunTime:0.000000s ]
[ info ] [ CACHE ] INIT File
[ info ] [ BEHAVIOR ] Run Closure @app_init [ RunTime:0.003000s ]
[ info ] [ LANG ] D:\phpStudy\WWW\FastAdmin\thinkphp\lang\zh-cn.php
[ info ] [ ROUTE ] array (
  'type' => 'module',
  'module' => 
  array (
    0 => 'admin',
    1 => 'companymanager',
    2 => NULL,
  ),
)
[ info ] [ HEADER ] array (
  'cookie' => 'thinkphp_show_page_trace=0|0; thinkphp_show_page_trace=0|0; Hm_lvt_f8d0a8c400404989e195270b0bbf060a=1529996923,1530060863,1530144015; PHPSESSID=lponlmuutatabnmlt7e0a1p743; Hm_lpvt_f8d0a8c400404989e195270b0bbf060a=1530144020; keeplogin=1%7C86400%7C1530230479%7C76b90fd14ea595e1c6b5023d386727ac',
  'accept-language' => 'zh-CN,zh;q=0.9',
  'accept-encoding' => 'gzip, deflate',
  'referer' => 'http://www.fastadminsong.com/admin/companymanager?ref=addtabs',
  'accept' => 'text/html,application/xhtml+xml,application/xml;q=0.9,image/webp,image/apng,*/*;q=0.8',
  'user-agent' => 'Mozilla/5.0 (Windows NT 6.1; WOW64) AppleWebKit/537.36 (KHTML, like Gecko) Chrome/64.0.3282.167 Safari/537.36',
  'upgrade-insecure-requests' => '1',
  'connection' => 'close',
  'host' => 'www.fastadminsong.com',
)
[ info ] [ PARAM ] array (
  'addtabs' => '1',
)
[ info ] [ LANG ] D:\phpStudy\WWW\FastAdmin\public/../application/admin\lang\zh-cn.php
[ info ] [ BEHAVIOR ] Run app\common\behavior\Common @module_init [ RunTime:0.000000s ]
[ info ] [ SESSION ] INIT array (
  'id' => '',
  'var_session_id' => '',
  'prefix' => 'think',
  'type' => '',
  'auto_start' => true,
)
[ info ] [ DB ] INIT mysql
[ info ] [ LANG ] D:\phpStudy\WWW\FastAdmin\public/../application/admin/lang/zh-cn/companymanager.php
[ info ] [ RUN ] app\admin\controller\Companymanager->index[ D:\phpStudy\WWW\FastAdmin\application\admin\controller\Companymanager.php ]
[ info ] [ VIEW ] D:\phpStudy\WWW\FastAdmin\public/../application/admin\view\companymanager\index.html [ array (
  0 => 'breadcrumb',
  1 => 'site',
  2 => 'config',
  3 => 'auth',
  4 => 'admin',
  5 => 'floorList',
) ]
[ info ] [ BEHAVIOR ] Run app\admin\behavior\AdminLog @app_end [ RunTime:0.000000s ]
[ info ] [ LOG ] INIT File
[ sql ] [ DB ] CONNECT:[ UseTime:0.012000s ] mysql:host=127.0.0.1;dbname=fastadmin;charset=utf8
[ sql ] [ SQL ] SHOW COLUMNS FROM `fa_auth_group_access` [ RunTime:0.012000s ]
[ sql ] [ SQL ] SELECT `aga`.`uid`,`aga`.`group_id`,`ag`.`id`,`ag`.`pid`,`ag`.`name`,`ag`.`rules` FROM `fa_auth_group_access` `aga` LEFT JOIN `fa_auth_group` `ag` ON `aga`.`group_id`=`ag`.`id` WHERE  (  aga.uid='1' and ag.status='normal' ) [ RunTime:0.000000s ]
[ sql ] [ SQL ] SHOW COLUMNS FROM `fa_auth_rule` [ RunTime:0.012000s ]
[ sql ] [ SQL ] SELECT `id`,`pid`,`condition`,`icon`,`name`,`title`,`ismenu` FROM `fa_auth_rule` WHERE  `status` = 'normal' [ RunTime:0.001000s ]
[ sql ] [ SQL ] SELECT `title`,`remark` FROM `fa_auth_rule` WHERE  `name` = 'companymanager' LIMIT 1 [ RunTime:0.000000s ]
---------------------------------------------------------------
[ 2018-06-28T14:44:50+08:00 ] 127.0.0.1 GET /admin/ajax/lang?callback=define&controllername=companymanager&v=1530168290
[ info ] www.fastadminsong.com/admin/ajax/lang?callback=define&controllername=companymanager&v=1530168290 [运行时间：0.037000s][吞吐率：27.03req/s] [内存消耗：2,196.74kb] [文件加载：76]
[ info ] [ BEHAVIOR ] Run Closure @app_init [ RunTime:0.000000s ]
[ info ] [ CACHE ] INIT File
[ info ] [ BEHAVIOR ] Run Closure @app_init [ RunTime:0.002000s ]
[ info ] [ LANG ] D:\phpStudy\WWW\FastAdmin\thinkphp\lang\zh-cn.php
[ info ] [ ROUTE ] array (
  'type' => 'module',
  'module' => 
  array (
    0 => 'admin',
    1 => 'ajax',
    2 => 'lang',
  ),
)
[ info ] [ HEADER ] array (
  'cookie' => 'thinkphp_show_page_trace=0|0; thinkphp_show_page_trace=0|0; Hm_lvt_f8d0a8c400404989e195270b0bbf060a=1529996923,1530060863,1530144015; PHPSESSID=lponlmuutatabnmlt7e0a1p743; Hm_lpvt_f8d0a8c400404989e195270b0bbf060a=1530144020; keeplogin=1%7C86400%7C1530230479%7C76b90fd14ea595e1c6b5023d386727ac',
  'accept-language' => 'zh-CN,zh;q=0.9',
  'accept-encoding' => 'gzip, deflate',
  'referer' => 'http://www.fastadminsong.com/admin/companymanager?addtabs=1',
  'accept' => '*/*',
  'user-agent' => 'Mozilla/5.0 (Windows NT 6.1; WOW64) AppleWebKit/537.36 (KHTML, like Gecko) Chrome/64.0.3282.167 Safari/537.36',
  'connection' => 'close',
  'host' => 'www.fastadminsong.com',
)
[ info ] [ PARAM ] array (
  'callback' => 'define',
  'controllername' => 'companymanager',
  'v' => '1530168290',
)
[ info ] [ LANG ] D:\phpStudy\WWW\FastAdmin\public/../application/admin\lang\zh-cn.php
[ info ] [ BEHAVIOR ] Run app\common\behavior\Common @module_init [ RunTime:0.000000s ]
[ info ] [ SESSION ] INIT array (
  'id' => '',
  'var_session_id' => '',
  'prefix' => 'think',
  'type' => '',
  'auto_start' => true,
)
[ info ] [ LANG ] D:\phpStudy\WWW\FastAdmin\public/../application/admin/lang/zh-cn/ajax.php
[ info ] [ RUN ] app\admin\controller\Ajax->lang[ D:\phpStudy\WWW\FastAdmin\application\admin\controller\Ajax.php ]
[ info ] [ LANG ] D:\phpStudy\WWW\FastAdmin\public/../application/admin/lang/zh-cn/companymanager.php
[ info ] [ BEHAVIOR ] Run app\admin\behavior\AdminLog @app_end [ RunTime:0.000000s ]
[ info ] [ LOG ] INIT File
---------------------------------------------------------------
[ 2018-06-28T14:44:50+08:00 ] 127.0.0.1 GET /admin/companymanager/index?sort=id&order=desc&offset=0&limit=10&filter=%7B%7D&op=%7B%7D&_=1530168290568
[ info ] www.fastadminsong.com/admin/companymanager/index?sort=id&order=desc&offset=0&limit=10&filter=%7B%7D&op=%7B%7D&_=1530168290568 [运行时间：0.124000s][吞吐率：8.06req/s] [内存消耗：3,119.86kb] [文件加载：89]
[ info ] [ BEHAVIOR ] Run Closure @app_init [ RunTime:0.000000s ]
[ info ] [ CACHE ] INIT File
[ info ] [ BEHAVIOR ] Run Closure @app_init [ RunTime:0.002000s ]
[ info ] [ LANG ] D:\phpStudy\WWW\FastAdmin\thinkphp\lang\zh-cn.php
[ info ] [ ROUTE ] array (
  'type' => 'module',
  'module' => 
  array (
    0 => 'admin',
    1 => 'companymanager',
    2 => 'index',
  ),
)
[ info ] [ HEADER ] array (
  'cookie' => 'thinkphp_show_page_trace=0|0; thinkphp_show_page_trace=0|0; Hm_lvt_f8d0a8c400404989e195270b0bbf060a=1529996923,1530060863,1530144015; PHPSESSID=lponlmuutatabnmlt7e0a1p743; Hm_lpvt_f8d0a8c400404989e195270b0bbf060a=1530144020; keeplogin=1%7C86400%7C1530230479%7C76b90fd14ea595e1c6b5023d386727ac',
  'accept-language' => 'zh-CN,zh;q=0.9',
  'accept-encoding' => 'gzip, deflate',
  'referer' => 'http://www.fastadminsong.com/admin/companymanager?addtabs=1',
  'content-type' => 'application/json',
  'user-agent' => 'Mozilla/5.0 (Windows NT 6.1; WOW64) AppleWebKit/537.36 (KHTML, like Gecko) Chrome/64.0.3282.167 Safari/537.36',
  'x-requested-with' => 'XMLHttpRequest',
  'accept' => 'application/json, text/javascript, */*; q=0.01',
  'connection' => 'close',
  'host' => 'www.fastadminsong.com',
)
[ info ] [ PARAM ] array (
  'sort' => 'id',
  'order' => 'desc',
  'offset' => '0',
  'limit' => '10',
  'filter' => '{}',
  'op' => '{}',
  '_' => '1530168290568',
)
[ info ] [ LANG ] D:\phpStudy\WWW\FastAdmin\public/../application/admin\lang\zh-cn.php
[ info ] [ BEHAVIOR ] Run app\common\behavior\Common @module_init [ RunTime:0.000000s ]
[ info ] [ SESSION ] INIT array (
  'id' => '',
  'var_session_id' => '',
  'prefix' => 'think',
  'type' => '',
  'auto_start' => true,
)
[ info ] [ DB ] INIT mysql
[ info ] [ LANG ] D:\phpStudy\WWW\FastAdmin\public/../application/admin/lang/zh-cn/companymanager.php
[ info ] [ RUN ] app\admin\controller\Companymanager->index[ D:\phpStudy\WWW\FastAdmin\application\admin\controller\Companymanager.php ]
[ info ] [ BEHAVIOR ] Run app\admin\behavior\AdminLog @app_end [ RunTime:0.001000s ]
[ info ] [ LOG ] INIT File
[ sql ] [ DB ] CONNECT:[ UseTime:0.011000s ] mysql:host=127.0.0.1;dbname=fastadmin;charset=utf8
[ sql ] [ SQL ] SHOW COLUMNS FROM `fa_auth_group_access` [ RunTime:0.010000s ]
[ sql ] [ SQL ] SELECT `aga`.`uid`,`aga`.`group_id`,`ag`.`id`,`ag`.`pid`,`ag`.`name`,`ag`.`rules` FROM `fa_auth_group_access` `aga` LEFT JOIN `fa_auth_group` `ag` ON `aga`.`group_id`=`ag`.`id` WHERE  (  aga.uid='1' and ag.status='normal' ) [ RunTime:0.001000s ]
[ sql ] [ SQL ] SHOW COLUMNS FROM `fa_auth_rule` [ RunTime:0.010000s ]
[ sql ] [ SQL ] SELECT `id`,`pid`,`condition`,`icon`,`name`,`title`,`ismenu` FROM `fa_auth_rule` WHERE  `status` = 'normal' [ RunTime:0.001000s ]
[ sql ] [ SQL ] SHOW COLUMNS FROM `fa_company` [ RunTime:0.013000s ]
[ sql ] [ SQL ] SHOW COLUMNS FROM `fa_company_level` [ RunTime:0.011000s ]
[ sql ] [ SQL ] SHOW COLUMNS FROM `fa_business_scope` [ RunTime:0.011000s ]
[ sql ] [ SQL ] SELECT COUNT(*) AS tp_count FROM `fa_company` `company_manager` LEFT JOIN `fa_company_level` `companylevel` ON `company_manager`.`level_id`=`companylevel`.`id` LEFT JOIN `fa_business_scope` `businessscope` ON `company_manager`.`bs_id`=`businessscope`.`id` ORDER BY `company_manager`.`id` DESC LIMIT 1 [ RunTime:0.005000s ]
[ sql ] [ SQL ] SELECT `company_manager`.`id`,`company_manager`.`company_name`,`company_manager`.`code`,`company_manager`.`f_name`,`company_manager`.`addtime`,`company_manager`.`b_id`,`company_manager`.`floor`,`company_manager`.`level_id`,`company_manager`.`bs_id`,companylevel.id AS companylevel__id,companylevel.name AS companylevel__name,companylevel.describe AS companylevel__describe,companylevel.addtime AS companylevel__addtime,companylevel.color AS companylevel__color,businessscope.id AS businessscope__id,businessscope.name AS businessscope__name,businessscope.parent AS businessscope__parent,businessscope.level AS businessscope__level,businessscope.text AS businessscope__text FROM `fa_company` `company_manager` LEFT JOIN `fa_company_level` `companylevel` ON `company_manager`.`level_id`=`companylevel`.`id` LEFT JOIN `fa_business_scope` `businessscope` ON `company_manager`.`bs_id`=`businessscope`.`id` ORDER BY `company_manager`.`id` ASC LIMIT 0,25 [ RunTime:0.001000s ]
---------------------------------------------------------------
[ 2018-06-28T14:44:52+08:00 ] 127.0.0.1 GET /admin/companymanager/index?sort=id&order=desc&offset=0&limit=10&filter=%7B%7D&op=%7B%7D&_=1530168290569
[ info ] www.fastadminsong.com/admin/companymanager/index?sort=id&order=desc&offset=0&limit=10&filter=%7B%7D&op=%7B%7D&_=1530168290569 [运行时间：0.137000s][吞吐率：7.30req/s] [内存消耗：3,119.86kb] [文件加载：89]
[ info ] [ BEHAVIOR ] Run Closure @app_init [ RunTime:0.000000s ]
[ info ] [ CACHE ] INIT File
[ info ] [ BEHAVIOR ] Run Closure @app_init [ RunTime:0.003000s ]
[ info ] [ LANG ] D:\phpStudy\WWW\FastAdmin\thinkphp\lang\zh-cn.php
[ info ] [ ROUTE ] array (
  'type' => 'module',
  'module' => 
  array (
    0 => 'admin',
    1 => 'companymanager',
    2 => 'index',
  ),
)
[ info ] [ HEADER ] array (
  'cookie' => 'thinkphp_show_page_trace=0|0; thinkphp_show_page_trace=0|0; Hm_lvt_f8d0a8c400404989e195270b0bbf060a=1529996923,1530060863,1530144015; PHPSESSID=lponlmuutatabnmlt7e0a1p743; Hm_lpvt_f8d0a8c400404989e195270b0bbf060a=1530144020; keeplogin=1%7C86400%7C1530230479%7C76b90fd14ea595e1c6b5023d386727ac',
  'accept-language' => 'zh-CN,zh;q=0.9',
  'accept-encoding' => 'gzip, deflate',
  'referer' => 'http://www.fastadminsong.com/admin/companymanager?addtabs=1',
  'content-type' => 'application/json',
  'user-agent' => 'Mozilla/5.0 (Windows NT 6.1; WOW64) AppleWebKit/537.36 (KHTML, like Gecko) Chrome/64.0.3282.167 Safari/537.36',
  'x-requested-with' => 'XMLHttpRequest',
  'accept' => 'application/json, text/javascript, */*; q=0.01',
  'connection' => 'close',
  'host' => 'www.fastadminsong.com',
)
[ info ] [ PARAM ] array (
  'sort' => 'id',
  'order' => 'desc',
  'offset' => '0',
  'limit' => '10',
  'filter' => '{}',
  'op' => '{}',
  '_' => '1530168290569',
)
[ info ] [ LANG ] D:\phpStudy\WWW\FastAdmin\public/../application/admin\lang\zh-cn.php
[ info ] [ BEHAVIOR ] Run app\common\behavior\Common @module_init [ RunTime:0.001000s ]
[ info ] [ SESSION ] INIT array (
  'id' => '',
  'var_session_id' => '',
  'prefix' => 'think',
  'type' => '',
  'auto_start' => true,
)
[ info ] [ DB ] INIT mysql
[ info ] [ LANG ] D:\phpStudy\WWW\FastAdmin\public/../application/admin/lang/zh-cn/companymanager.php
[ info ] [ RUN ] app\admin\controller\Companymanager->index[ D:\phpStudy\WWW\FastAdmin\application\admin\controller\Companymanager.php ]
[ info ] [ BEHAVIOR ] Run app\admin\behavior\AdminLog @app_end [ RunTime:0.000000s ]
[ info ] [ LOG ] INIT File
[ sql ] [ DB ] CONNECT:[ UseTime:0.003000s ] mysql:host=127.0.0.1;dbname=fastadmin;charset=utf8
[ sql ] [ SQL ] SHOW COLUMNS FROM `fa_auth_group_access` [ RunTime:0.014000s ]
[ sql ] [ SQL ] SELECT `aga`.`uid`,`aga`.`group_id`,`ag`.`id`,`ag`.`pid`,`ag`.`name`,`ag`.`rules` FROM `fa_auth_group_access` `aga` LEFT JOIN `fa_auth_group` `ag` ON `aga`.`group_id`=`ag`.`id` WHERE  (  aga.uid='1' and ag.status='normal' ) [ RunTime:0.001000s ]
[ sql ] [ SQL ] SHOW COLUMNS FROM `fa_auth_rule` [ RunTime:0.014000s ]
[ sql ] [ SQL ] SELECT `id`,`pid`,`condition`,`icon`,`name`,`title`,`ismenu` FROM `fa_auth_rule` WHERE  `status` = 'normal' [ RunTime:0.002000s ]
[ sql ] [ SQL ] SHOW COLUMNS FROM `fa_company` [ RunTime:0.011000s ]
[ sql ] [ SQL ] SHOW COLUMNS FROM `fa_company_level` [ RunTime:0.011000s ]
[ sql ] [ SQL ] SHOW COLUMNS FROM `fa_business_scope` [ RunTime:0.011000s ]
[ sql ] [ SQL ] SELECT COUNT(*) AS tp_count FROM `fa_company` `company_manager` LEFT JOIN `fa_company_level` `companylevel` ON `company_manager`.`level_id`=`companylevel`.`id` LEFT JOIN `fa_business_scope` `businessscope` ON `company_manager`.`bs_id`=`businessscope`.`id` ORDER BY `company_manager`.`id` DESC LIMIT 1 [ RunTime:0.005000s ]
[ sql ] [ SQL ] SELECT `company_manager`.`id`,`company_manager`.`company_name`,`company_manager`.`code`,`company_manager`.`f_name`,`company_manager`.`addtime`,`company_manager`.`b_id`,`company_manager`.`floor`,`company_manager`.`level_id`,`company_manager`.`bs_id`,companylevel.id AS companylevel__id,companylevel.name AS companylevel__name,companylevel.describe AS companylevel__describe,companylevel.addtime AS companylevel__addtime,companylevel.color AS companylevel__color,businessscope.id AS businessscope__id,businessscope.name AS businessscope__name,businessscope.parent AS businessscope__parent,businessscope.level AS businessscope__level,businessscope.text AS businessscope__text FROM `fa_company` `company_manager` LEFT JOIN `fa_company_level` `companylevel` ON `company_manager`.`level_id`=`companylevel`.`id` LEFT JOIN `fa_business_scope` `businessscope` ON `company_manager`.`bs_id`=`businessscope`.`id` ORDER BY `company_manager`.`id` ASC LIMIT 0,25 [ RunTime:0.001000s ]
---------------------------------------------------------------
[ 2018-06-28T15:06:47+08:00 ] 127.0.0.1 GET /admin/songtest?ref=addtabs
[ info ] www.fastadminsong.com/admin/songtest?ref=addtabs [运行时间：0.131000s][吞吐率：7.63req/s] [内存消耗：2,662.48kb] [文件加载：80]
[ info ] [ BEHAVIOR ] Run Closure @app_init [ RunTime:0.001000s ]
[ info ] [ CACHE ] INIT File
[ info ] [ BEHAVIOR ] Run Closure @app_init [ RunTime:0.003000s ]
[ info ] [ LANG ] D:\phpStudy\WWW\FastAdmin\thinkphp\lang\zh-cn.php
[ info ] [ ROUTE ] array (
  'type' => 'module',
  'module' => 
  array (
    0 => 'admin',
    1 => 'songtest',
    2 => NULL,
  ),
)
[ info ] [ HEADER ] array (
  'cookie' => 'thinkphp_show_page_trace=0|0; thinkphp_show_page_trace=0|0; Hm_lvt_f8d0a8c400404989e195270b0bbf060a=1529996923,1530060863,1530144015; PHPSESSID=lponlmuutatabnmlt7e0a1p743; Hm_lpvt_f8d0a8c400404989e195270b0bbf060a=1530144020; keeplogin=1%7C86400%7C1530230479%7C76b90fd14ea595e1c6b5023d386727ac',
  'accept-language' => 'zh-CN,zh;q=0.9',
  'accept-encoding' => 'gzip, deflate',
  'referer' => 'http://www.fastadminsong.com/admin/companymanager?ref=addtabs',
  'accept' => 'text/html,application/xhtml+xml,application/xml;q=0.9,image/webp,image/apng,*/*;q=0.8',
  'user-agent' => 'Mozilla/5.0 (Windows NT 6.1; WOW64) AppleWebKit/537.36 (KHTML, like Gecko) Chrome/64.0.3282.167 Safari/537.36',
  'upgrade-insecure-requests' => '1',
  'connection' => 'close',
  'host' => 'www.fastadminsong.com',
)
[ info ] [ PARAM ] array (
  'ref' => 'addtabs',
)
[ info ] [ LANG ] D:\phpStudy\WWW\FastAdmin\public/../application/admin\lang\zh-cn.php
[ info ] [ BEHAVIOR ] Run app\common\behavior\Common @module_init [ RunTime:0.000000s ]
[ info ] [ SESSION ] INIT array (
  'id' => '',
  'var_session_id' => '',
  'prefix' => 'think',
  'type' => '',
  'auto_start' => true,
)
[ info ] [ DB ] INIT mysql
[ info ] [ BEHAVIOR ] Run app\admin\behavior\AdminLog @app_end [ RunTime:0.000000s ]
[ info ] [ LOG ] INIT File
[ sql ] [ DB ] CONNECT:[ UseTime:0.058000s ] mysql:host=127.0.0.1;dbname=fastadmin;charset=utf8
[ sql ] [ SQL ] SHOW COLUMNS FROM `fa_auth_group_access` [ RunTime:0.011000s ]
[ sql ] [ SQL ] SELECT `aga`.`uid`,`aga`.`group_id`,`ag`.`id`,`ag`.`pid`,`ag`.`name`,`ag`.`rules` FROM `fa_auth_group_access` `aga` LEFT JOIN `fa_auth_group` `ag` ON `aga`.`group_id`=`ag`.`id` WHERE  (  aga.uid='1' and ag.status='normal' ) [ RunTime:0.001000s ]
[ sql ] [ SQL ] SHOW COLUMNS FROM `fa_auth_rule` [ RunTime:0.010000s ]
[ sql ] [ SQL ] SELECT `id`,`pid`,`condition`,`icon`,`name`,`title`,`ismenu` FROM `fa_auth_rule` WHERE  `status` = 'normal' [ RunTime:0.001000s ]
---------------------------------------------------------------
[ 2018-06-28T15:06:48+08:00 ] 127.0.0.1 GET /admin/index/index
[ info ] www.fastadminsong.com/admin/index/index [运行时间：0.580000s][吞吐率：1.72req/s] [内存消耗：3,202.57kb] [文件加载：96]
[ info ] [ BEHAVIOR ] Run Closure @app_init [ RunTime:0.000000s ]
[ info ] [ CACHE ] INIT File
[ info ] [ BEHAVIOR ] Run Closure @app_init [ RunTime:0.002000s ]
[ info ] [ LANG ] D:\phpStudy\WWW\FastAdmin\thinkphp\lang\zh-cn.php
[ info ] [ ROUTE ] array (
  'type' => 'module',
  'module' => 
  array (
    0 => 'admin',
    1 => 'index',
    2 => 'index',
  ),
)
[ info ] [ HEADER ] array (
  'cookie' => 'thinkphp_show_page_trace=0|0; thinkphp_show_page_trace=0|0; thinkphp_show_page_trace=0|0; Hm_lvt_f8d0a8c400404989e195270b0bbf060a=1529996923,1530060863,1530144015; PHPSESSID=lponlmuutatabnmlt7e0a1p743; Hm_lpvt_f8d0a8c400404989e195270b0bbf060a=1530144020; keeplogin=1%7C86400%7C1530230479%7C76b90fd14ea595e1c6b5023d386727ac',
  'accept-language' => 'zh-CN,zh;q=0.9',
  'accept-encoding' => 'gzip, deflate',
  'referer' => 'http://www.fastadminsong.com/admin/companymanager?ref=addtabs',
  'accept' => 'text/html,application/xhtml+xml,application/xml;q=0.9,image/webp,image/apng,*/*;q=0.8',
  'user-agent' => 'Mozilla/5.0 (Windows NT 6.1; WOW64) AppleWebKit/537.36 (KHTML, like Gecko) Chrome/64.0.3282.167 Safari/537.36',
  'upgrade-insecure-requests' => '1',
  'connection' => 'close',
  'host' => 'www.fastadminsong.com',
)
[ info ] [ PARAM ] array (
)
[ info ] [ LANG ] D:\phpStudy\WWW\FastAdmin\public/../application/admin\lang\zh-cn.php
[ info ] [ BEHAVIOR ] Run app\common\behavior\Common @module_init [ RunTime:0.000000s ]
[ info ] [ SESSION ] INIT array (
  'id' => '',
  'var_session_id' => '',
  'prefix' => 'think',
  'type' => '',
  'auto_start' => true,
)
[ info ] [ LANG ] D:\phpStudy\WWW\FastAdmin\public/../application/admin/lang/zh-cn/index.php
[ info ] [ RUN ] app\admin\controller\Index->index[ D:\phpStudy\WWW\FastAdmin\application\admin\controller\Index.php ]
[ info ] [ DB ] INIT mysql
[ info ] [ VIEW ] D:\phpStudy\WWW\FastAdmin\public/../application/admin\view\index\index.html [ array (
  0 => 'breadcrumb',
  1 => 'site',
  2 => 'config',
  3 => 'auth',
  4 => 'admin',
  5 => 'menulist',
  6 => 'title',
) ]
[ info ] [ BEHAVIOR ] Run app\admin\behavior\AdminLog @app_end [ RunTime:0.000000s ]
[ info ] [ LOG ] INIT File
[ sql ] [ DB ] CONNECT:[ UseTime:0.002000s ] mysql:host=127.0.0.1;dbname=fastadmin;charset=utf8
[ sql ] [ SQL ] SHOW COLUMNS FROM `fa_auth_group_access` [ RunTime:0.010000s ]
[ sql ] [ SQL ] SELECT `aga`.`uid`,`aga`.`group_id`,`ag`.`id`,`ag`.`pid`,`ag`.`name`,`ag`.`rules` FROM `fa_auth_group_access` `aga` LEFT JOIN `fa_auth_group` `ag` ON `aga`.`group_id`=`ag`.`id` WHERE  (  aga.uid='1' and ag.status='normal' ) [ RunTime:0.001000s ]
[ sql ] [ SQL ] SHOW COLUMNS FROM `fa_auth_rule` [ RunTime:0.011000s ]
[ sql ] [ SQL ] SELECT `id`,`pid`,`condition`,`icon`,`name`,`title`,`ismenu` FROM `fa_auth_rule` WHERE  `status` = 'normal' [ RunTime:0.001000s ]
---------------------------------------------------------------
[ 2018-06-28T15:06:48+08:00 ] 127.0.0.1 GET /admin/ajax/lang?callback=define&controllername=index&v=1530169607
[ info ] www.fastadminsong.com/admin/ajax/lang?callback=define&controllername=index&v=1530169607 [运行时间：0.031000s][吞吐率：32.26req/s] [内存消耗：2,199.95kb] [文件加载：76]
[ info ] [ BEHAVIOR ] Run Closure @app_init [ RunTime:0.000000s ]
[ info ] [ CACHE ] INIT File
[ info ] [ BEHAVIOR ] Run Closure @app_init [ RunTime:0.002000s ]
[ info ] [ LANG ] D:\phpStudy\WWW\FastAdmin\thinkphp\lang\zh-cn.php
[ info ] [ ROUTE ] array (
  'type' => 'module',
  'module' => 
  array (
    0 => 'admin',
    1 => 'ajax',
    2 => 'lang',
  ),
)
[ info ] [ HEADER ] array (
  'cookie' => 'thinkphp_show_page_trace=0|0; thinkphp_show_page_trace=0|0; Hm_lvt_f8d0a8c400404989e195270b0bbf060a=1529996923,1530060863,1530144015; PHPSESSID=lponlmuutatabnmlt7e0a1p743; Hm_lpvt_f8d0a8c400404989e195270b0bbf060a=1530144020; keeplogin=1%7C86400%7C1530230479%7C76b90fd14ea595e1c6b5023d386727ac',
  'accept-language' => 'zh-CN,zh;q=0.9',
  'accept-encoding' => 'gzip, deflate',
  'referer' => 'http://www.fastadminsong.com/admin/index/index',
  'accept' => '*/*',
  'user-agent' => 'Mozilla/5.0 (Windows NT 6.1; WOW64) AppleWebKit/537.36 (KHTML, like Gecko) Chrome/64.0.3282.167 Safari/537.36',
  'connection' => 'close',
  'host' => 'www.fastadminsong.com',
)
[ info ] [ PARAM ] array (
  'callback' => 'define',
  'controllername' => 'index',
  'v' => '1530169607',
)
[ info ] [ LANG ] D:\phpStudy\WWW\FastAdmin\public/../application/admin\lang\zh-cn.php
[ info ] [ BEHAVIOR ] Run app\common\behavior\Common @module_init [ RunTime:0.000000s ]
[ info ] [ SESSION ] INIT array (
  'id' => '',
  'var_session_id' => '',
  'prefix' => 'think',
  'type' => '',
  'auto_start' => true,
)
[ info ] [ LANG ] D:\phpStudy\WWW\FastAdmin\public/../application/admin/lang/zh-cn/ajax.php
[ info ] [ RUN ] app\admin\controller\Ajax->lang[ D:\phpStudy\WWW\FastAdmin\application\admin\controller\Ajax.php ]
[ info ] [ LANG ] D:\phpStudy\WWW\FastAdmin\public/../application/admin/lang/zh-cn/index.php
[ info ] [ BEHAVIOR ] Run app\admin\behavior\AdminLog @app_end [ RunTime:0.000000s ]
[ info ] [ LOG ] INIT File
---------------------------------------------------------------
[ 2018-06-28T15:06:49+08:00 ] 127.0.0.1 GET /admin/dashboard?addtabs=1
[ info ] www.fastadminsong.com/admin/dashboard?addtabs=1 [运行时间：0.083000s][吞吐率：12.05req/s] [内存消耗：3,023.22kb] [文件加载：87]
[ info ] [ BEHAVIOR ] Run Closure @app_init [ RunTime:0.000000s ]
[ info ] [ CACHE ] INIT File
[ info ] [ BEHAVIOR ] Run Closure @app_init [ RunTime:0.001000s ]
[ info ] [ LANG ] D:\phpStudy\WWW\FastAdmin\thinkphp\lang\zh-cn.php
[ info ] [ ROUTE ] array (
  'type' => 'module',
  'module' => 
  array (
    0 => 'admin',
    1 => 'dashboard',
    2 => NULL,
  ),
)
[ info ] [ HEADER ] array (
  'cookie' => 'thinkphp_show_page_trace=0|0; thinkphp_show_page_trace=0|0; Hm_lvt_f8d0a8c400404989e195270b0bbf060a=1529996923,1530060863,1530144015; PHPSESSID=lponlmuutatabnmlt7e0a1p743; Hm_lpvt_f8d0a8c400404989e195270b0bbf060a=1530144020; keeplogin=1%7C86400%7C1530230479%7C76b90fd14ea595e1c6b5023d386727ac',
  'accept-language' => 'zh-CN,zh;q=0.9',
  'accept-encoding' => 'gzip, deflate',
  'referer' => 'http://www.fastadminsong.com/admin/dashboard?ref=addtabs',
  'accept' => 'text/html,application/xhtml+xml,application/xml;q=0.9,image/webp,image/apng,*/*;q=0.8',
  'user-agent' => 'Mozilla/5.0 (Windows NT 6.1; WOW64) AppleWebKit/537.36 (KHTML, like Gecko) Chrome/64.0.3282.167 Safari/537.36',
  'upgrade-insecure-requests' => '1',
  'connection' => 'close',
  'host' => 'www.fastadminsong.com',
)
[ info ] [ PARAM ] array (
  'addtabs' => '1',
)
[ info ] [ LANG ] D:\phpStudy\WWW\FastAdmin\public/../application/admin\lang\zh-cn.php
[ info ] [ BEHAVIOR ] Run app\common\behavior\Common @module_init [ RunTime:0.001000s ]
[ info ] [ SESSION ] INIT array (
  'id' => '',
  'var_session_id' => '',
  'prefix' => 'think',
  'type' => '',
  'auto_start' => true,
)
[ info ] [ DB ] INIT mysql
[ info ] [ LANG ] D:\phpStudy\WWW\FastAdmin\public/../application/admin/lang/zh-cn/dashboard.php
[ info ] [ RUN ] app\admin\controller\Dashboard->index[ D:\phpStudy\WWW\FastAdmin\application\admin\controller\Dashboard.php ]
[ info ] [ VIEW ] D:\phpStudy\WWW\FastAdmin\public/../application/admin\view\dashboard\index.html [ array (
  0 => 'breadcrumb',
  1 => 'site',
  2 => 'config',
  3 => 'auth',
  4 => 'admin',
  5 => 'A',
  6 => 'B',
  7 => 'C',
  8 => 'D',
  9 => 'todayuserlogin',
  10 => 'todayusersignup',
  11 => 'todayorder',
  12 => 'unsettleorder',
  13 => 'sevendnu',
  14 => 'sevendau',
  15 => 'paylist',
  16 => 'createlist',
  17 => 'addonversion',
  18 => 'uploadmode',
) ]
[ info ] [ BEHAVIOR ] Run app\admin\behavior\AdminLog @app_end [ RunTime:0.000000s ]
[ info ] [ LOG ] INIT File
[ sql ] [ DB ] CONNECT:[ UseTime:0.002000s ] mysql:host=127.0.0.1;dbname=fastadmin;charset=utf8
[ sql ] [ SQL ] SHOW COLUMNS FROM `fa_auth_group_access` [ RunTime:0.011000s ]
[ sql ] [ SQL ] SELECT `aga`.`uid`,`aga`.`group_id`,`ag`.`id`,`ag`.`pid`,`ag`.`name`,`ag`.`rules` FROM `fa_auth_group_access` `aga` LEFT JOIN `fa_auth_group` `ag` ON `aga`.`group_id`=`ag`.`id` WHERE  (  aga.uid='1' and ag.status='normal' ) [ RunTime:0.000000s ]
[ sql ] [ SQL ] SHOW COLUMNS FROM `fa_auth_rule` [ RunTime:0.011000s ]
[ sql ] [ SQL ] SELECT `id`,`pid`,`condition`,`icon`,`name`,`title`,`ismenu` FROM `fa_auth_rule` WHERE  `status` = 'normal' [ RunTime:0.000000s ]
[ sql ] [ SQL ] SHOW COLUMNS FROM `fa_num` [ RunTime:0.009000s ]
[ sql ] [ SQL ] SELECT `cl`.`name`,`n`.`num` FROM `fa_num` `n` INNER JOIN `fa_company_level` `cl` ON `n`.`exid`=`cl`.`id` WHERE  `num_type` = 3 [ RunTime:0.001000s ]
[ sql ] [ SQL ] SELECT `title`,`remark` FROM `fa_auth_rule` WHERE  `name` = 'dashboard' LIMIT 1 [ RunTime:0.000000s ]
---------------------------------------------------------------
[ 2018-06-28T15:06:49+08:00 ] 127.0.0.1 GET /admin/ajax/lang?callback=define&controllername=dashboard&v=1530169608
[ info ] www.fastadminsong.com/admin/ajax/lang?callback=define&controllername=dashboard&v=1530169608 [运行时间：0.030000s][吞吐率：33.33req/s] [内存消耗：2,199.30kb] [文件加载：76]
[ info ] [ BEHAVIOR ] Run Closure @app_init [ RunTime:0.000000s ]
[ info ] [ CACHE ] INIT File
[ info ] [ BEHAVIOR ] Run Closure @app_init [ RunTime:0.001000s ]
[ info ] [ LANG ] D:\phpStudy\WWW\FastAdmin\thinkphp\lang\zh-cn.php
[ info ] [ ROUTE ] array (
  'type' => 'module',
  'module' => 
  array (
    0 => 'admin',
    1 => 'ajax',
    2 => 'lang',
  ),
)
[ info ] [ HEADER ] array (
  'cookie' => 'thinkphp_show_page_trace=0|0; thinkphp_show_page_trace=0|0; Hm_lvt_f8d0a8c400404989e195270b0bbf060a=1529996923,1530060863,1530144015; PHPSESSID=lponlmuutatabnmlt7e0a1p743; Hm_lpvt_f8d0a8c400404989e195270b0bbf060a=1530144020; keeplogin=1%7C86400%7C1530230479%7C76b90fd14ea595e1c6b5023d386727ac',
  'accept-language' => 'zh-CN,zh;q=0.9',
  'accept-encoding' => 'gzip, deflate',
  'referer' => 'http://www.fastadminsong.com/admin/dashboard?addtabs=1',
  'accept' => '*/*',
  'user-agent' => 'Mozilla/5.0 (Windows NT 6.1; WOW64) AppleWebKit/537.36 (KHTML, like Gecko) Chrome/64.0.3282.167 Safari/537.36',
  'connection' => 'close',
  'host' => 'www.fastadminsong.com',
)
[ info ] [ PARAM ] array (
  'callback' => 'define',
  'controllername' => 'dashboard',
  'v' => '1530169608',
)
[ info ] [ LANG ] D:\phpStudy\WWW\FastAdmin\public/../application/admin\lang\zh-cn.php
[ info ] [ BEHAVIOR ] Run app\common\behavior\Common @module_init [ RunTime:0.001000s ]
[ info ] [ SESSION ] INIT array (
  'id' => '',
  'var_session_id' => '',
  'prefix' => 'think',
  'type' => '',
  'auto_start' => true,
)
[ info ] [ LANG ] D:\phpStudy\WWW\FastAdmin\public/../application/admin/lang/zh-cn/ajax.php
[ info ] [ RUN ] app\admin\controller\Ajax->lang[ D:\phpStudy\WWW\FastAdmin\application\admin\controller\Ajax.php ]
[ info ] [ LANG ] D:\phpStudy\WWW\FastAdmin\public/../application/admin/lang/zh-cn/dashboard.php
[ info ] [ BEHAVIOR ] Run app\admin\behavior\AdminLog @app_end [ RunTime:0.000000s ]
[ info ] [ LOG ] INIT File
---------------------------------------------------------------
[ 2018-06-28T15:06:51+08:00 ] 127.0.0.1 GET /admin/songtest?addtabs=1
[ info ] www.fastadminsong.com/admin/songtest?addtabs=1 [运行时间：1.907000s][吞吐率：0.52req/s] [内存消耗：2,910.91kb] [文件加载：82]
[ info ] [ BEHAVIOR ] Run Closure @app_init [ RunTime:0.000000s ]
[ info ] [ CACHE ] INIT File
[ info ] [ BEHAVIOR ] Run Closure @app_init [ RunTime:0.002000s ]
[ info ] [ LANG ] D:\phpStudy\WWW\FastAdmin\thinkphp\lang\zh-cn.php
[ info ] [ ROUTE ] array (
  'type' => 'module',
  'module' => 
  array (
    0 => 'admin',
    1 => 'songtest',
    2 => NULL,
  ),
)
[ info ] [ HEADER ] array (
  'cookie' => 'thinkphp_show_page_trace=0|0; thinkphp_show_page_trace=0|0; Hm_lvt_f8d0a8c400404989e195270b0bbf060a=1529996923,1530060863,1530144015; PHPSESSID=lponlmuutatabnmlt7e0a1p743; Hm_lpvt_f8d0a8c400404989e195270b0bbf060a=1530144020; keeplogin=1%7C86400%7C1530230479%7C76b90fd14ea595e1c6b5023d386727ac',
  'accept-language' => 'zh-CN,zh;q=0.9',
  'accept-encoding' => 'gzip, deflate',
  'referer' => 'http://www.fastadminsong.com/admin/songtest?ref=addtabs',
  'accept' => 'text/html,application/xhtml+xml,application/xml;q=0.9,image/webp,image/apng,*/*;q=0.8',
  'user-agent' => 'Mozilla/5.0 (Windows NT 6.1; WOW64) AppleWebKit/537.36 (KHTML, like Gecko) Chrome/64.0.3282.167 Safari/537.36',
  'upgrade-insecure-requests' => '1',
  'connection' => 'close',
  'host' => 'www.fastadminsong.com',
)
[ info ] [ PARAM ] array (
  'addtabs' => '1',
)
[ info ] [ LANG ] D:\phpStudy\WWW\FastAdmin\public/../application/admin\lang\zh-cn.php
[ info ] [ BEHAVIOR ] Run app\common\behavior\Common @module_init [ RunTime:0.001000s ]
[ info ] [ SESSION ] INIT array (
  'id' => '',
  'var_session_id' => '',
  'prefix' => 'think',
  'type' => '',
  'auto_start' => true,
)
[ info ] [ DB ] INIT mysql
[ info ] [ RUN ] app\admin\controller\Songtest->index[ D:\phpStudy\WWW\FastAdmin\application\admin\controller\Songtest.php ]
[ info ] [ BEHAVIOR ] Run app\admin\behavior\AdminLog @app_end [ RunTime:0.000000s ]
[ info ] [ LOG ] INIT File
[ sql ] [ DB ] CONNECT:[ UseTime:0.012000s ] mysql:host=127.0.0.1;dbname=fastadmin;charset=utf8
[ sql ] [ SQL ] SHOW COLUMNS FROM `fa_auth_group_access` [ RunTime:0.011000s ]
[ sql ] [ SQL ] SELECT `aga`.`uid`,`aga`.`group_id`,`ag`.`id`,`ag`.`pid`,`ag`.`name`,`ag`.`rules` FROM `fa_auth_group_access` `aga` LEFT JOIN `fa_auth_group` `ag` ON `aga`.`group_id`=`ag`.`id` WHERE  (  aga.uid='1' and ag.status='normal' ) [ RunTime:0.000000s ]
[ sql ] [ SQL ] SHOW COLUMNS FROM `fa_auth_rule` [ RunTime:0.010000s ]
[ sql ] [ SQL ] SELECT `id`,`pid`,`condition`,`icon`,`name`,`title`,`ismenu` FROM `fa_auth_rule` WHERE  `status` = 'normal' [ RunTime:0.000000s ]
[ sql ] [ SQL ] SHOW COLUMNS FROM `fa_num` [ RunTime:0.011000s ]
[ sql ] [ SQL ] SELECT `cl`.`name`,`n`.`num` FROM `fa_num` `n` INNER JOIN `fa_company_level` `cl` ON `n`.`exid`=`cl`.`id` WHERE  `num_type` = 3 [ RunTime:0.001000s ]
[ sql ] [ SQL ] SELECT `bs`.`name`,`n`.`num` FROM `fa_num` `n` INNER JOIN `fa_business_scope` `bs` ON `n`.`exid`=`bs`.`id` WHERE  `num_type` = 4 [ RunTime:0.001000s ]
---------------------------------------------------------------
[ 2018-06-28T15:06:55+08:00 ] 127.0.0.1 GET /admin/songtest?ref=addtabs
[ info ] www.fastadminsong.com/admin/songtest?ref=addtabs [运行时间：0.080000s][吞吐率：12.50req/s] [内存消耗：2,662.36kb] [文件加载：80]
[ info ] [ BEHAVIOR ] Run Closure @app_init [ RunTime:0.000000s ]
[ info ] [ CACHE ] INIT File
[ info ] [ BEHAVIOR ] Run Closure @app_init [ RunTime:0.003000s ]
[ info ] [ LANG ] D:\phpStudy\WWW\FastAdmin\thinkphp\lang\zh-cn.php
[ info ] [ ROUTE ] array (
  'type' => 'module',
  'module' => 
  array (
    0 => 'admin',
    1 => 'songtest',
    2 => NULL,
  ),
)
[ info ] [ HEADER ] array (
  'cookie' => 'thinkphp_show_page_trace=0|0; thinkphp_show_page_trace=0|0; Hm_lvt_f8d0a8c400404989e195270b0bbf060a=1529996923,1530060863,1530144015; PHPSESSID=lponlmuutatabnmlt7e0a1p743; Hm_lpvt_f8d0a8c400404989e195270b0bbf060a=1530144020; keeplogin=1%7C86400%7C1530230479%7C76b90fd14ea595e1c6b5023d386727ac',
  'accept-language' => 'zh-CN,zh;q=0.9',
  'accept-encoding' => 'gzip, deflate',
  'accept' => 'text/html,application/xhtml+xml,application/xml;q=0.9,image/webp,image/apng,*/*;q=0.8',
  'user-agent' => 'Mozilla/5.0 (Windows NT 6.1; WOW64) AppleWebKit/537.36 (KHTML, like Gecko) Chrome/64.0.3282.167 Safari/537.36',
  'upgrade-insecure-requests' => '1',
  'cache-control' => 'max-age=0',
  'connection' => 'close',
  'host' => 'www.fastadminsong.com',
)
[ info ] [ PARAM ] array (
  'ref' => 'addtabs',
)
[ info ] [ LANG ] D:\phpStudy\WWW\FastAdmin\public/../application/admin\lang\zh-cn.php
[ info ] [ BEHAVIOR ] Run app\common\behavior\Common @module_init [ RunTime:0.001000s ]
[ info ] [ SESSION ] INIT array (
  'id' => '',
  'var_session_id' => '',
  'prefix' => 'think',
  'type' => '',
  'auto_start' => true,
)
[ info ] [ DB ] INIT mysql
[ info ] [ BEHAVIOR ] Run app\admin\behavior\AdminLog @app_end [ RunTime:0.000000s ]
[ info ] [ LOG ] INIT File
[ sql ] [ DB ] CONNECT:[ UseTime:0.011000s ] mysql:host=127.0.0.1;dbname=fastadmin;charset=utf8
[ sql ] [ SQL ] SHOW COLUMNS FROM `fa_auth_group_access` [ RunTime:0.012000s ]
[ sql ] [ SQL ] SELECT `aga`.`uid`,`aga`.`group_id`,`ag`.`id`,`ag`.`pid`,`ag`.`name`,`ag`.`rules` FROM `fa_auth_group_access` `aga` LEFT JOIN `fa_auth_group` `ag` ON `aga`.`group_id`=`ag`.`id` WHERE  (  aga.uid='1' and ag.status='normal' ) [ RunTime:0.000000s ]
[ sql ] [ SQL ] SHOW COLUMNS FROM `fa_auth_rule` [ RunTime:0.010000s ]
[ sql ] [ SQL ] SELECT `id`,`pid`,`condition`,`icon`,`name`,`title`,`ismenu` FROM `fa_auth_rule` WHERE  `status` = 'normal' [ RunTime:0.000000s ]
---------------------------------------------------------------
[ 2018-06-28T15:06:55+08:00 ] 127.0.0.1 GET /admin/index/index
[ info ] www.fastadminsong.com/admin/index/index [运行时间：0.567000s][吞吐率：1.76req/s] [内存消耗：3,202.58kb] [文件加载：96]
[ info ] [ BEHAVIOR ] Run Closure @app_init [ RunTime:0.000000s ]
[ info ] [ CACHE ] INIT File
[ info ] [ BEHAVIOR ] Run Closure @app_init [ RunTime:0.002000s ]
[ info ] [ LANG ] D:\phpStudy\WWW\FastAdmin\thinkphp\lang\zh-cn.php
[ info ] [ ROUTE ] array (
  'type' => 'module',
  'module' => 
  array (
    0 => 'admin',
    1 => 'index',
    2 => 'index',
  ),
)
[ info ] [ HEADER ] array (
  'cookie' => 'thinkphp_show_page_trace=0|0; thinkphp_show_page_trace=0|0; thinkphp_show_page_trace=0|0; Hm_lvt_f8d0a8c400404989e195270b0bbf060a=1529996923,1530060863,1530144015; PHPSESSID=lponlmuutatabnmlt7e0a1p743; Hm_lpvt_f8d0a8c400404989e195270b0bbf060a=1530144020; keeplogin=1%7C86400%7C1530230479%7C76b90fd14ea595e1c6b5023d386727ac',
  'accept-language' => 'zh-CN,zh;q=0.9',
  'accept-encoding' => 'gzip, deflate',
  'accept' => 'text/html,application/xhtml+xml,application/xml;q=0.9,image/webp,image/apng,*/*;q=0.8',
  'user-agent' => 'Mozilla/5.0 (Windows NT 6.1; WOW64) AppleWebKit/537.36 (KHTML, like Gecko) Chrome/64.0.3282.167 Safari/537.36',
  'upgrade-insecure-requests' => '1',
  'cache-control' => 'max-age=0',
  'connection' => 'close',
  'host' => 'www.fastadminsong.com',
)
[ info ] [ PARAM ] array (
)
[ info ] [ LANG ] D:\phpStudy\WWW\FastAdmin\public/../application/admin\lang\zh-cn.php
[ info ] [ BEHAVIOR ] Run app\common\behavior\Common @module_init [ RunTime:0.000000s ]
[ info ] [ SESSION ] INIT array (
  'id' => '',
  'var_session_id' => '',
  'prefix' => 'think',
  'type' => '',
  'auto_start' => true,
)
[ info ] [ LANG ] D:\phpStudy\WWW\FastAdmin\public/../application/admin/lang/zh-cn/index.php
[ info ] [ RUN ] app\admin\controller\Index->index[ D:\phpStudy\WWW\FastAdmin\application\admin\controller\Index.php ]
[ info ] [ DB ] INIT mysql
[ info ] [ VIEW ] D:\phpStudy\WWW\FastAdmin\public/../application/admin\view\index\index.html [ array (
  0 => 'breadcrumb',
  1 => 'site',
  2 => 'config',
  3 => 'auth',
  4 => 'admin',
  5 => 'menulist',
  6 => 'title',
) ]
[ info ] [ BEHAVIOR ] Run app\admin\behavior\AdminLog @app_end [ RunTime:0.001000s ]
[ info ] [ LOG ] INIT File
[ sql ] [ DB ] CONNECT:[ UseTime:0.011000s ] mysql:host=127.0.0.1;dbname=fastadmin;charset=utf8
[ sql ] [ SQL ] SHOW COLUMNS FROM `fa_auth_group_access` [ RunTime:0.012000s ]
[ sql ] [ SQL ] SELECT `aga`.`uid`,`aga`.`group_id`,`ag`.`id`,`ag`.`pid`,`ag`.`name`,`ag`.`rules` FROM `fa_auth_group_access` `aga` LEFT JOIN `fa_auth_group` `ag` ON `aga`.`group_id`=`ag`.`id` WHERE  (  aga.uid='1' and ag.status='normal' ) [ RunTime:0.001000s ]
[ sql ] [ SQL ] SHOW COLUMNS FROM `fa_auth_rule` [ RunTime:0.010000s ]
[ sql ] [ SQL ] SELECT `id`,`pid`,`condition`,`icon`,`name`,`title`,`ismenu` FROM `fa_auth_rule` WHERE  `status` = 'normal' [ RunTime:0.001000s ]
---------------------------------------------------------------
[ 2018-06-28T15:06:56+08:00 ] 127.0.0.1 GET /admin/ajax/lang?callback=define&controllername=index&v=1530169615
[ info ] www.fastadminsong.com/admin/ajax/lang?callback=define&controllername=index&v=1530169615 [运行时间：0.031000s][吞吐率：32.26req/s] [内存消耗：2,199.95kb] [文件加载：76]
[ info ] [ BEHAVIOR ] Run Closure @app_init [ RunTime:0.000000s ]
[ info ] [ CACHE ] INIT File
[ info ] [ BEHAVIOR ] Run Closure @app_init [ RunTime:0.001000s ]
[ info ] [ LANG ] D:\phpStudy\WWW\FastAdmin\thinkphp\lang\zh-cn.php
[ info ] [ ROUTE ] array (
  'type' => 'module',
  'module' => 
  array (
    0 => 'admin',
    1 => 'ajax',
    2 => 'lang',
  ),
)
[ info ] [ HEADER ] array (
  'cookie' => 'thinkphp_show_page_trace=0|0; thinkphp_show_page_trace=0|0; Hm_lvt_f8d0a8c400404989e195270b0bbf060a=1529996923,1530060863,1530144015; PHPSESSID=lponlmuutatabnmlt7e0a1p743; Hm_lpvt_f8d0a8c400404989e195270b0bbf060a=1530144020; keeplogin=1%7C86400%7C1530230479%7C76b90fd14ea595e1c6b5023d386727ac',
  'accept-language' => 'zh-CN,zh;q=0.9',
  'accept-encoding' => 'gzip, deflate',
  'referer' => 'http://www.fastadminsong.com/admin/index/index',
  'accept' => '*/*',
  'user-agent' => 'Mozilla/5.0 (Windows NT 6.1; WOW64) AppleWebKit/537.36 (KHTML, like Gecko) Chrome/64.0.3282.167 Safari/537.36',
  'connection' => 'close',
  'host' => 'www.fastadminsong.com',
)
[ info ] [ PARAM ] array (
  'callback' => 'define',
  'controllername' => 'index',
  'v' => '1530169615',
)
[ info ] [ LANG ] D:\phpStudy\WWW\FastAdmin\public/../application/admin\lang\zh-cn.php
[ info ] [ BEHAVIOR ] Run app\common\behavior\Common @module_init [ RunTime:0.001000s ]
[ info ] [ SESSION ] INIT array (
  'id' => '',
  'var_session_id' => '',
  'prefix' => 'think',
  'type' => '',
  'auto_start' => true,
)
[ info ] [ LANG ] D:\phpStudy\WWW\FastAdmin\public/../application/admin/lang/zh-cn/ajax.php
[ info ] [ RUN ] app\admin\controller\Ajax->lang[ D:\phpStudy\WWW\FastAdmin\application\admin\controller\Ajax.php ]
[ info ] [ LANG ] D:\phpStudy\WWW\FastAdmin\public/../application/admin/lang/zh-cn/index.php
[ info ] [ BEHAVIOR ] Run app\admin\behavior\AdminLog @app_end [ RunTime:0.000000s ]
[ info ] [ LOG ] INIT File
---------------------------------------------------------------
[ 2018-06-28T15:06:56+08:00 ] 127.0.0.1 GET /admin/dashboard?addtabs=1
[ info ] www.fastadminsong.com/admin/dashboard?addtabs=1 [运行时间：0.083000s][吞吐率：12.05req/s] [内存消耗：3,023.22kb] [文件加载：87]
[ info ] [ BEHAVIOR ] Run Closure @app_init [ RunTime:0.000000s ]
[ info ] [ CACHE ] INIT File
[ info ] [ BEHAVIOR ] Run Closure @app_init [ RunTime:0.001000s ]
[ info ] [ LANG ] D:\phpStudy\WWW\FastAdmin\thinkphp\lang\zh-cn.php
[ info ] [ ROUTE ] array (
  'type' => 'module',
  'module' => 
  array (
    0 => 'admin',
    1 => 'dashboard',
    2 => NULL,
  ),
)
[ info ] [ HEADER ] array (
  'cookie' => 'thinkphp_show_page_trace=0|0; thinkphp_show_page_trace=0|0; Hm_lvt_f8d0a8c400404989e195270b0bbf060a=1529996923,1530060863,1530144015; PHPSESSID=lponlmuutatabnmlt7e0a1p743; Hm_lpvt_f8d0a8c400404989e195270b0bbf060a=1530144020; keeplogin=1%7C86400%7C1530230479%7C76b90fd14ea595e1c6b5023d386727ac',
  'accept-language' => 'zh-CN,zh;q=0.9',
  'accept-encoding' => 'gzip, deflate',
  'referer' => 'http://www.fastadminsong.com/admin/dashboard?ref=addtabs',
  'accept' => 'text/html,application/xhtml+xml,application/xml;q=0.9,image/webp,image/apng,*/*;q=0.8',
  'user-agent' => 'Mozilla/5.0 (Windows NT 6.1; WOW64) AppleWebKit/537.36 (KHTML, like Gecko) Chrome/64.0.3282.167 Safari/537.36',
  'upgrade-insecure-requests' => '1',
  'connection' => 'close',
  'host' => 'www.fastadminsong.com',
)
[ info ] [ PARAM ] array (
  'addtabs' => '1',
)
[ info ] [ LANG ] D:\phpStudy\WWW\FastAdmin\public/../application/admin\lang\zh-cn.php
[ info ] [ BEHAVIOR ] Run app\common\behavior\Common @module_init [ RunTime:0.001000s ]
[ info ] [ SESSION ] INIT array (
  'id' => '',
  'var_session_id' => '',
  'prefix' => 'think',
  'type' => '',
  'auto_start' => true,
)
[ info ] [ DB ] INIT mysql
[ info ] [ LANG ] D:\phpStudy\WWW\FastAdmin\public/../application/admin/lang/zh-cn/dashboard.php
[ info ] [ RUN ] app\admin\controller\Dashboard->index[ D:\phpStudy\WWW\FastAdmin\application\admin\controller\Dashboard.php ]
[ info ] [ VIEW ] D:\phpStudy\WWW\FastAdmin\public/../application/admin\view\dashboard\index.html [ array (
  0 => 'breadcrumb',
  1 => 'site',
  2 => 'config',
  3 => 'auth',
  4 => 'admin',
  5 => 'A',
  6 => 'B',
  7 => 'C',
  8 => 'D',
  9 => 'todayuserlogin',
  10 => 'todayusersignup',
  11 => 'todayorder',
  12 => 'unsettleorder',
  13 => 'sevendnu',
  14 => 'sevendau',
  15 => 'paylist',
  16 => 'createlist',
  17 => 'addonversion',
  18 => 'uploadmode',
) ]
[ info ] [ BEHAVIOR ] Run app\admin\behavior\AdminLog @app_end [ RunTime:0.001000s ]
[ info ] [ LOG ] INIT File
[ sql ] [ DB ] CONNECT:[ UseTime:0.002000s ] mysql:host=127.0.0.1;dbname=fastadmin;charset=utf8
[ sql ] [ SQL ] SHOW COLUMNS FROM `fa_auth_group_access` [ RunTime:0.011000s ]
[ sql ] [ SQL ] SELECT `aga`.`uid`,`aga`.`group_id`,`ag`.`id`,`ag`.`pid`,`ag`.`name`,`ag`.`rules` FROM `fa_auth_group_access` `aga` LEFT JOIN `fa_auth_group` `ag` ON `aga`.`group_id`=`ag`.`id` WHERE  (  aga.uid='1' and ag.status='normal' ) [ RunTime:0.001000s ]
[ sql ] [ SQL ] SHOW COLUMNS FROM `fa_auth_rule` [ RunTime:0.010000s ]
[ sql ] [ SQL ] SELECT `id`,`pid`,`condition`,`icon`,`name`,`title`,`ismenu` FROM `fa_auth_rule` WHERE  `status` = 'normal' [ RunTime:0.001000s ]
[ sql ] [ SQL ] SHOW COLUMNS FROM `fa_num` [ RunTime:0.010000s ]
[ sql ] [ SQL ] SELECT `cl`.`name`,`n`.`num` FROM `fa_num` `n` INNER JOIN `fa_company_level` `cl` ON `n`.`exid`=`cl`.`id` WHERE  `num_type` = 3 [ RunTime:0.001000s ]
[ sql ] [ SQL ] SELECT `title`,`remark` FROM `fa_auth_rule` WHERE  `name` = 'dashboard' LIMIT 1 [ RunTime:0.000000s ]
---------------------------------------------------------------
[ 2018-06-28T15:06:56+08:00 ] 127.0.0.1 GET /admin/ajax/lang?callback=define&controllername=dashboard&v=1530169616
[ info ] www.fastadminsong.com/admin/ajax/lang?callback=define&controllername=dashboard&v=1530169616 [运行时间：0.033000s][吞吐率：30.30req/s] [内存消耗：2,199.30kb] [文件加载：76]
[ info ] [ BEHAVIOR ] Run Closure @app_init [ RunTime:0.000000s ]
[ info ] [ CACHE ] INIT File
[ info ] [ BEHAVIOR ] Run Closure @app_init [ RunTime:0.002000s ]
[ info ] [ LANG ] D:\phpStudy\WWW\FastAdmin\thinkphp\lang\zh-cn.php
[ info ] [ ROUTE ] array (
  'type' => 'module',
  'module' => 
  array (
    0 => 'admin',
    1 => 'ajax',
    2 => 'lang',
  ),
)
[ info ] [ HEADER ] array (
  'cookie' => 'thinkphp_show_page_trace=0|0; thinkphp_show_page_trace=0|0; Hm_lvt_f8d0a8c400404989e195270b0bbf060a=1529996923,1530060863,1530144015; PHPSESSID=lponlmuutatabnmlt7e0a1p743; Hm_lpvt_f8d0a8c400404989e195270b0bbf060a=1530144020; keeplogin=1%7C86400%7C1530230479%7C76b90fd14ea595e1c6b5023d386727ac',
  'accept-language' => 'zh-CN,zh;q=0.9',
  'accept-encoding' => 'gzip, deflate',
  'referer' => 'http://www.fastadminsong.com/admin/dashboard?addtabs=1',
  'accept' => '*/*',
  'user-agent' => 'Mozilla/5.0 (Windows NT 6.1; WOW64) AppleWebKit/537.36 (KHTML, like Gecko) Chrome/64.0.3282.167 Safari/537.36',
  'connection' => 'close',
  'host' => 'www.fastadminsong.com',
)
[ info ] [ PARAM ] array (
  'callback' => 'define',
  'controllername' => 'dashboard',
  'v' => '1530169616',
)
[ info ] [ LANG ] D:\phpStudy\WWW\FastAdmin\public/../application/admin\lang\zh-cn.php
[ info ] [ BEHAVIOR ] Run app\common\behavior\Common @module_init [ RunTime:0.000000s ]
[ info ] [ SESSION ] INIT array (
  'id' => '',
  'var_session_id' => '',
  'prefix' => 'think',
  'type' => '',
  'auto_start' => true,
)
[ info ] [ LANG ] D:\phpStudy\WWW\FastAdmin\public/../application/admin/lang/zh-cn/ajax.php
[ info ] [ RUN ] app\admin\controller\Ajax->lang[ D:\phpStudy\WWW\FastAdmin\application\admin\controller\Ajax.php ]
[ info ] [ LANG ] D:\phpStudy\WWW\FastAdmin\public/../application/admin/lang/zh-cn/dashboard.php
[ info ] [ BEHAVIOR ] Run app\admin\behavior\AdminLog @app_end [ RunTime:0.000000s ]
[ info ] [ LOG ] INIT File
---------------------------------------------------------------
[ 2018-06-28T15:06:59+08:00 ] 127.0.0.1 GET /admin/songtest?addtabs=1
[ info ] www.fastadminsong.com/admin/songtest?addtabs=1 [运行时间：1.873000s][吞吐率：0.53req/s] [内存消耗：2,910.91kb] [文件加载：82]
[ info ] [ BEHAVIOR ] Run Closure @app_init [ RunTime:0.000000s ]
[ info ] [ CACHE ] INIT File
[ info ] [ BEHAVIOR ] Run Closure @app_init [ RunTime:0.002000s ]
[ info ] [ LANG ] D:\phpStudy\WWW\FastAdmin\thinkphp\lang\zh-cn.php
[ info ] [ ROUTE ] array (
  'type' => 'module',
  'module' => 
  array (
    0 => 'admin',
    1 => 'songtest',
    2 => NULL,
  ),
)
[ info ] [ HEADER ] array (
  'cookie' => 'thinkphp_show_page_trace=0|0; thinkphp_show_page_trace=0|0; Hm_lvt_f8d0a8c400404989e195270b0bbf060a=1529996923,1530060863,1530144015; PHPSESSID=lponlmuutatabnmlt7e0a1p743; Hm_lpvt_f8d0a8c400404989e195270b0bbf060a=1530144020; keeplogin=1%7C86400%7C1530230479%7C76b90fd14ea595e1c6b5023d386727ac',
  'accept-language' => 'zh-CN,zh;q=0.9',
  'accept-encoding' => 'gzip, deflate',
  'referer' => 'http://www.fastadminsong.com/admin/songtest?ref=addtabs',
  'accept' => 'text/html,application/xhtml+xml,application/xml;q=0.9,image/webp,image/apng,*/*;q=0.8',
  'user-agent' => 'Mozilla/5.0 (Windows NT 6.1; WOW64) AppleWebKit/537.36 (KHTML, like Gecko) Chrome/64.0.3282.167 Safari/537.36',
  'upgrade-insecure-requests' => '1',
  'connection' => 'close',
  'host' => 'www.fastadminsong.com',
)
[ info ] [ PARAM ] array (
  'addtabs' => '1',
)
[ info ] [ LANG ] D:\phpStudy\WWW\FastAdmin\public/../application/admin\lang\zh-cn.php
[ info ] [ BEHAVIOR ] Run app\common\behavior\Common @module_init [ RunTime:0.000000s ]
[ info ] [ SESSION ] INIT array (
  'id' => '',
  'var_session_id' => '',
  'prefix' => 'think',
  'type' => '',
  'auto_start' => true,
)
[ info ] [ DB ] INIT mysql
[ info ] [ RUN ] app\admin\controller\Songtest->index[ D:\phpStudy\WWW\FastAdmin\application\admin\controller\Songtest.php ]
[ info ] [ BEHAVIOR ] Run app\admin\behavior\AdminLog @app_end [ RunTime:0.000000s ]
[ info ] [ LOG ] INIT File
[ sql ] [ DB ] CONNECT:[ UseTime:0.012000s ] mysql:host=127.0.0.1;dbname=fastadmin;charset=utf8
[ sql ] [ SQL ] SHOW COLUMNS FROM `fa_auth_group_access` [ RunTime:0.010000s ]
[ sql ] [ SQL ] SELECT `aga`.`uid`,`aga`.`group_id`,`ag`.`id`,`ag`.`pid`,`ag`.`name`,`ag`.`rules` FROM `fa_auth_group_access` `aga` LEFT JOIN `fa_auth_group` `ag` ON `aga`.`group_id`=`ag`.`id` WHERE  (  aga.uid='1' and ag.status='normal' ) [ RunTime:0.001000s ]
[ sql ] [ SQL ] SHOW COLUMNS FROM `fa_auth_rule` [ RunTime:0.010000s ]
[ sql ] [ SQL ] SELECT `id`,`pid`,`condition`,`icon`,`name`,`title`,`ismenu` FROM `fa_auth_rule` WHERE  `status` = 'normal' [ RunTime:0.001000s ]
[ sql ] [ SQL ] SHOW COLUMNS FROM `fa_num` [ RunTime:0.011000s ]
[ sql ] [ SQL ] SELECT `cl`.`name`,`n`.`num` FROM `fa_num` `n` INNER JOIN `fa_company_level` `cl` ON `n`.`exid`=`cl`.`id` WHERE  `num_type` = 3 [ RunTime:0.001000s ]
[ sql ] [ SQL ] SELECT `bs`.`name`,`n`.`num` FROM `fa_num` `n` INNER JOIN `fa_business_scope` `bs` ON `n`.`exid`=`bs`.`id` WHERE  `num_type` = 4 [ RunTime:0.000000s ]
---------------------------------------------------------------
[ 2018-06-28T15:07:49+08:00 ] 127.0.0.1 GET /admin/songtest?ref=addtabs
[ info ] www.fastadminsong.com/admin/songtest?ref=addtabs [运行时间：0.074000s][吞吐率：13.51req/s] [内存消耗：2,662.36kb] [文件加载：80]
[ info ] [ BEHAVIOR ] Run Closure @app_init [ RunTime:0.000000s ]
[ info ] [ CACHE ] INIT File
[ info ] [ BEHAVIOR ] Run Closure @app_init [ RunTime:0.003000s ]
[ info ] [ LANG ] D:\phpStudy\WWW\FastAdmin\thinkphp\lang\zh-cn.php
[ info ] [ ROUTE ] array (
  'type' => 'module',
  'module' => 
  array (
    0 => 'admin',
    1 => 'songtest',
    2 => NULL,
  ),
)
[ info ] [ HEADER ] array (
  'cookie' => 'thinkphp_show_page_trace=0|0; thinkphp_show_page_trace=0|0; Hm_lvt_f8d0a8c400404989e195270b0bbf060a=1529996923,1530060863,1530144015; PHPSESSID=lponlmuutatabnmlt7e0a1p743; Hm_lpvt_f8d0a8c400404989e195270b0bbf060a=1530144020; keeplogin=1%7C86400%7C1530230479%7C76b90fd14ea595e1c6b5023d386727ac',
  'accept-language' => 'zh-CN,zh;q=0.9',
  'accept-encoding' => 'gzip, deflate',
  'accept' => 'text/html,application/xhtml+xml,application/xml;q=0.9,image/webp,image/apng,*/*;q=0.8',
  'user-agent' => 'Mozilla/5.0 (Windows NT 6.1; WOW64) AppleWebKit/537.36 (KHTML, like Gecko) Chrome/64.0.3282.167 Safari/537.36',
  'upgrade-insecure-requests' => '1',
  'cache-control' => 'max-age=0',
  'connection' => 'close',
  'host' => 'www.fastadminsong.com',
)
[ info ] [ PARAM ] array (
  'ref' => 'addtabs',
)
[ info ] [ LANG ] D:\phpStudy\WWW\FastAdmin\public/../application/admin\lang\zh-cn.php
[ info ] [ BEHAVIOR ] Run app\common\behavior\Common @module_init [ RunTime:0.000000s ]
[ info ] [ SESSION ] INIT array (
  'id' => '',
  'var_session_id' => '',
  'prefix' => 'think',
  'type' => '',
  'auto_start' => true,
)
[ info ] [ DB ] INIT mysql
[ info ] [ BEHAVIOR ] Run app\admin\behavior\AdminLog @app_end [ RunTime:0.000000s ]
[ info ] [ LOG ] INIT File
[ sql ] [ DB ] CONNECT:[ UseTime:0.011000s ] mysql:host=127.0.0.1;dbname=fastadmin;charset=utf8
[ sql ] [ SQL ] SHOW COLUMNS FROM `fa_auth_group_access` [ RunTime:0.010000s ]
[ sql ] [ SQL ] SELECT `aga`.`uid`,`aga`.`group_id`,`ag`.`id`,`ag`.`pid`,`ag`.`name`,`ag`.`rules` FROM `fa_auth_group_access` `aga` LEFT JOIN `fa_auth_group` `ag` ON `aga`.`group_id`=`ag`.`id` WHERE  (  aga.uid='1' and ag.status='normal' ) [ RunTime:0.001000s ]
[ sql ] [ SQL ] SHOW COLUMNS FROM `fa_auth_rule` [ RunTime:0.010000s ]
[ sql ] [ SQL ] SELECT `id`,`pid`,`condition`,`icon`,`name`,`title`,`ismenu` FROM `fa_auth_rule` WHERE  `status` = 'normal' [ RunTime:0.001000s ]
---------------------------------------------------------------
[ 2018-06-28T15:07:49+08:00 ] 127.0.0.1 GET /admin/index/index
[ info ] www.fastadminsong.com/admin/index/index [运行时间：0.554000s][吞吐率：1.81req/s] [内存消耗：3,202.58kb] [文件加载：96]
[ info ] [ BEHAVIOR ] Run Closure @app_init [ RunTime:0.000000s ]
[ info ] [ CACHE ] INIT File
[ info ] [ BEHAVIOR ] Run Closure @app_init [ RunTime:0.002000s ]
[ info ] [ LANG ] D:\phpStudy\WWW\FastAdmin\thinkphp\lang\zh-cn.php
[ info ] [ ROUTE ] array (
  'type' => 'module',
  'module' => 
  array (
    0 => 'admin',
    1 => 'index',
    2 => 'index',
  ),
)
[ info ] [ HEADER ] array (
  'cookie' => 'thinkphp_show_page_trace=0|0; thinkphp_show_page_trace=0|0; thinkphp_show_page_trace=0|0; Hm_lvt_f8d0a8c400404989e195270b0bbf060a=1529996923,1530060863,1530144015; PHPSESSID=lponlmuutatabnmlt7e0a1p743; Hm_lpvt_f8d0a8c400404989e195270b0bbf060a=1530144020; keeplogin=1%7C86400%7C1530230479%7C76b90fd14ea595e1c6b5023d386727ac',
  'accept-language' => 'zh-CN,zh;q=0.9',
  'accept-encoding' => 'gzip, deflate',
  'accept' => 'text/html,application/xhtml+xml,application/xml;q=0.9,image/webp,image/apng,*/*;q=0.8',
  'user-agent' => 'Mozilla/5.0 (Windows NT 6.1; WOW64) AppleWebKit/537.36 (KHTML, like Gecko) Chrome/64.0.3282.167 Safari/537.36',
  'upgrade-insecure-requests' => '1',
  'cache-control' => 'max-age=0',
  'connection' => 'close',
  'host' => 'www.fastadminsong.com',
)
[ info ] [ PARAM ] array (
)
[ info ] [ LANG ] D:\phpStudy\WWW\FastAdmin\public/../application/admin\lang\zh-cn.php
[ info ] [ BEHAVIOR ] Run app\common\behavior\Common @module_init [ RunTime:0.000000s ]
[ info ] [ SESSION ] INIT array (
  'id' => '',
  'var_session_id' => '',
  'prefix' => 'think',
  'type' => '',
  'auto_start' => true,
)
[ info ] [ LANG ] D:\phpStudy\WWW\FastAdmin\public/../application/admin/lang/zh-cn/index.php
[ info ] [ RUN ] app\admin\controller\Index->index[ D:\phpStudy\WWW\FastAdmin\application\admin\controller\Index.php ]
[ info ] [ DB ] INIT mysql
[ info ] [ VIEW ] D:\phpStudy\WWW\FastAdmin\public/../application/admin\view\index\index.html [ array (
  0 => 'breadcrumb',
  1 => 'site',
  2 => 'config',
  3 => 'auth',
  4 => 'admin',
  5 => 'menulist',
  6 => 'title',
) ]
[ info ] [ BEHAVIOR ] Run app\admin\behavior\AdminLog @app_end [ RunTime:0.000000s ]
[ info ] [ LOG ] INIT File
[ sql ] [ DB ] CONNECT:[ UseTime:0.003000s ] mysql:host=127.0.0.1;dbname=fastadmin;charset=utf8
[ sql ] [ SQL ] SHOW COLUMNS FROM `fa_auth_group_access` [ RunTime:0.010000s ]
[ sql ] [ SQL ] SELECT `aga`.`uid`,`aga`.`group_id`,`ag`.`id`,`ag`.`pid`,`ag`.`name`,`ag`.`rules` FROM `fa_auth_group_access` `aga` LEFT JOIN `fa_auth_group` `ag` ON `aga`.`group_id`=`ag`.`id` WHERE  (  aga.uid='1' and ag.status='normal' ) [ RunTime:0.000000s ]
[ sql ] [ SQL ] SHOW COLUMNS FROM `fa_auth_rule` [ RunTime:0.011000s ]
[ sql ] [ SQL ] SELECT `id`,`pid`,`condition`,`icon`,`name`,`title`,`ismenu` FROM `fa_auth_rule` WHERE  `status` = 'normal' [ RunTime:0.001000s ]
---------------------------------------------------------------
[ 2018-06-28T15:07:50+08:00 ] 127.0.0.1 GET /admin/ajax/lang?callback=define&controllername=index&v=1530169669
[ info ] www.fastadminsong.com/admin/ajax/lang?callback=define&controllername=index&v=1530169669 [运行时间：0.031000s][吞吐率：32.26req/s] [内存消耗：2,199.95kb] [文件加载：76]
[ info ] [ BEHAVIOR ] Run Closure @app_init [ RunTime:0.000000s ]
[ info ] [ CACHE ] INIT File
[ info ] [ BEHAVIOR ] Run Closure @app_init [ RunTime:0.002000s ]
[ info ] [ LANG ] D:\phpStudy\WWW\FastAdmin\thinkphp\lang\zh-cn.php
[ info ] [ ROUTE ] array (
  'type' => 'module',
  'module' => 
  array (
    0 => 'admin',
    1 => 'ajax',
    2 => 'lang',
  ),
)
[ info ] [ HEADER ] array (
  'cookie' => 'thinkphp_show_page_trace=0|0; thinkphp_show_page_trace=0|0; Hm_lvt_f8d0a8c400404989e195270b0bbf060a=1529996923,1530060863,1530144015; PHPSESSID=lponlmuutatabnmlt7e0a1p743; Hm_lpvt_f8d0a8c400404989e195270b0bbf060a=1530144020; keeplogin=1%7C86400%7C1530230479%7C76b90fd14ea595e1c6b5023d386727ac',
  'accept-language' => 'zh-CN,zh;q=0.9',
  'accept-encoding' => 'gzip, deflate',
  'referer' => 'http://www.fastadminsong.com/admin/index/index',
  'accept' => '*/*',
  'user-agent' => 'Mozilla/5.0 (Windows NT 6.1; WOW64) AppleWebKit/537.36 (KHTML, like Gecko) Chrome/64.0.3282.167 Safari/537.36',
  'connection' => 'close',
  'host' => 'www.fastadminsong.com',
)
[ info ] [ PARAM ] array (
  'callback' => 'define',
  'controllername' => 'index',
  'v' => '1530169669',
)
[ info ] [ LANG ] D:\phpStudy\WWW\FastAdmin\public/../application/admin\lang\zh-cn.php
[ info ] [ BEHAVIOR ] Run app\common\behavior\Common @module_init [ RunTime:0.000000s ]
[ info ] [ SESSION ] INIT array (
  'id' => '',
  'var_session_id' => '',
  'prefix' => 'think',
  'type' => '',
  'auto_start' => true,
)
[ info ] [ LANG ] D:\phpStudy\WWW\FastAdmin\public/../application/admin/lang/zh-cn/ajax.php
[ info ] [ RUN ] app\admin\controller\Ajax->lang[ D:\phpStudy\WWW\FastAdmin\application\admin\controller\Ajax.php ]
[ info ] [ LANG ] D:\phpStudy\WWW\FastAdmin\public/../application/admin/lang/zh-cn/index.php
[ info ] [ BEHAVIOR ] Run app\admin\behavior\AdminLog @app_end [ RunTime:0.001000s ]
[ info ] [ LOG ] INIT File
---------------------------------------------------------------
[ 2018-06-28T15:07:50+08:00 ] 127.0.0.1 GET /admin/dashboard?addtabs=1
[ info ] www.fastadminsong.com/admin/dashboard?addtabs=1 [运行时间：0.091000s][吞吐率：10.99req/s] [内存消耗：3,023.22kb] [文件加载：87]
[ info ] [ BEHAVIOR ] Run Closure @app_init [ RunTime:0.000000s ]
[ info ] [ CACHE ] INIT File
[ info ] [ BEHAVIOR ] Run Closure @app_init [ RunTime:0.002000s ]
[ info ] [ LANG ] D:\phpStudy\WWW\FastAdmin\thinkphp\lang\zh-cn.php
[ info ] [ ROUTE ] array (
  'type' => 'module',
  'module' => 
  array (
    0 => 'admin',
    1 => 'dashboard',
    2 => NULL,
  ),
)
[ info ] [ HEADER ] array (
  'cookie' => 'thinkphp_show_page_trace=0|0; thinkphp_show_page_trace=0|0; Hm_lvt_f8d0a8c400404989e195270b0bbf060a=1529996923,1530060863,1530144015; PHPSESSID=lponlmuutatabnmlt7e0a1p743; Hm_lpvt_f8d0a8c400404989e195270b0bbf060a=1530144020; keeplogin=1%7C86400%7C1530230479%7C76b90fd14ea595e1c6b5023d386727ac',
  'accept-language' => 'zh-CN,zh;q=0.9',
  'accept-encoding' => 'gzip, deflate',
  'referer' => 'http://www.fastadminsong.com/admin/dashboard?ref=addtabs',
  'accept' => 'text/html,application/xhtml+xml,application/xml;q=0.9,image/webp,image/apng,*/*;q=0.8',
  'user-agent' => 'Mozilla/5.0 (Windows NT 6.1; WOW64) AppleWebKit/537.36 (KHTML, like Gecko) Chrome/64.0.3282.167 Safari/537.36',
  'upgrade-insecure-requests' => '1',
  'connection' => 'close',
  'host' => 'www.fastadminsong.com',
)
[ info ] [ PARAM ] array (
  'addtabs' => '1',
)
[ info ] [ LANG ] D:\phpStudy\WWW\FastAdmin\public/../application/admin\lang\zh-cn.php
[ info ] [ BEHAVIOR ] Run app\common\behavior\Common @module_init [ RunTime:0.000000s ]
[ info ] [ SESSION ] INIT array (
  'id' => '',
  'var_session_id' => '',
  'prefix' => 'think',
  'type' => '',
  'auto_start' => true,
)
[ info ] [ DB ] INIT mysql
[ info ] [ LANG ] D:\phpStudy\WWW\FastAdmin\public/../application/admin/lang/zh-cn/dashboard.php
[ info ] [ RUN ] app\admin\controller\Dashboard->index[ D:\phpStudy\WWW\FastAdmin\application\admin\controller\Dashboard.php ]
[ info ] [ VIEW ] D:\phpStudy\WWW\FastAdmin\public/../application/admin\view\dashboard\index.html [ array (
  0 => 'breadcrumb',
  1 => 'site',
  2 => 'config',
  3 => 'auth',
  4 => 'admin',
  5 => 'A',
  6 => 'B',
  7 => 'C',
  8 => 'D',
  9 => 'todayuserlogin',
  10 => 'todayusersignup',
  11 => 'todayorder',
  12 => 'unsettleorder',
  13 => 'sevendnu',
  14 => 'sevendau',
  15 => 'paylist',
  16 => 'createlist',
  17 => 'addonversion',
  18 => 'uploadmode',
) ]
[ info ] [ BEHAVIOR ] Run app\admin\behavior\AdminLog @app_end [ RunTime:0.000000s ]
[ info ] [ LOG ] INIT File
[ sql ] [ DB ] CONNECT:[ UseTime:0.011000s ] mysql:host=127.0.0.1;dbname=fastadmin;charset=utf8
[ sql ] [ SQL ] SHOW COLUMNS FROM `fa_auth_group_access` [ RunTime:0.010000s ]
[ sql ] [ SQL ] SELECT `aga`.`uid`,`aga`.`group_id`,`ag`.`id`,`ag`.`pid`,`ag`.`name`,`ag`.`rules` FROM `fa_auth_group_access` `aga` LEFT JOIN `fa_auth_group` `ag` ON `aga`.`group_id`=`ag`.`id` WHERE  (  aga.uid='1' and ag.status='normal' ) [ RunTime:0.001000s ]
[ sql ] [ SQL ] SHOW COLUMNS FROM `fa_auth_rule` [ RunTime:0.010000s ]
[ sql ] [ SQL ] SELECT `id`,`pid`,`condition`,`icon`,`name`,`title`,`ismenu` FROM `fa_auth_rule` WHERE  `status` = 'normal' [ RunTime:0.001000s ]
[ sql ] [ SQL ] SHOW COLUMNS FROM `fa_num` [ RunTime:0.010000s ]
[ sql ] [ SQL ] SELECT `cl`.`name`,`n`.`num` FROM `fa_num` `n` INNER JOIN `fa_company_level` `cl` ON `n`.`exid`=`cl`.`id` WHERE  `num_type` = 3 [ RunTime:0.001000s ]
[ sql ] [ SQL ] SELECT `title`,`remark` FROM `fa_auth_rule` WHERE  `name` = 'dashboard' LIMIT 1 [ RunTime:0.000000s ]
---------------------------------------------------------------
[ 2018-06-28T15:07:50+08:00 ] 127.0.0.1 GET /admin/ajax/lang?callback=define&controllername=dashboard&v=1530169670
[ info ] www.fastadminsong.com/admin/ajax/lang?callback=define&controllername=dashboard&v=1530169670 [运行时间：0.032000s][吞吐率：31.25req/s] [内存消耗：2,199.30kb] [文件加载：76]
[ info ] [ BEHAVIOR ] Run Closure @app_init [ RunTime:0.000000s ]
[ info ] [ CACHE ] INIT File
[ info ] [ BEHAVIOR ] Run Closure @app_init [ RunTime:0.001000s ]
[ info ] [ LANG ] D:\phpStudy\WWW\FastAdmin\thinkphp\lang\zh-cn.php
[ info ] [ ROUTE ] array (
  'type' => 'module',
  'module' => 
  array (
    0 => 'admin',
    1 => 'ajax',
    2 => 'lang',
  ),
)
[ info ] [ HEADER ] array (
  'cookie' => 'thinkphp_show_page_trace=0|0; thinkphp_show_page_trace=0|0; Hm_lvt_f8d0a8c400404989e195270b0bbf060a=1529996923,1530060863,1530144015; PHPSESSID=lponlmuutatabnmlt7e0a1p743; Hm_lpvt_f8d0a8c400404989e195270b0bbf060a=1530144020; keeplogin=1%7C86400%7C1530230479%7C76b90fd14ea595e1c6b5023d386727ac',
  'accept-language' => 'zh-CN,zh;q=0.9',
  'accept-encoding' => 'gzip, deflate',
  'referer' => 'http://www.fastadminsong.com/admin/dashboard?addtabs=1',
  'accept' => '*/*',
  'user-agent' => 'Mozilla/5.0 (Windows NT 6.1; WOW64) AppleWebKit/537.36 (KHTML, like Gecko) Chrome/64.0.3282.167 Safari/537.36',
  'connection' => 'close',
  'host' => 'www.fastadminsong.com',
)
[ info ] [ PARAM ] array (
  'callback' => 'define',
  'controllername' => 'dashboard',
  'v' => '1530169670',
)
[ info ] [ LANG ] D:\phpStudy\WWW\FastAdmin\public/../application/admin\lang\zh-cn.php
[ info ] [ BEHAVIOR ] Run app\common\behavior\Common @module_init [ RunTime:0.001000s ]
[ info ] [ SESSION ] INIT array (
  'id' => '',
  'var_session_id' => '',
  'prefix' => 'think',
  'type' => '',
  'auto_start' => true,
)
[ info ] [ LANG ] D:\phpStudy\WWW\FastAdmin\public/../application/admin/lang/zh-cn/ajax.php
[ info ] [ RUN ] app\admin\controller\Ajax->lang[ D:\phpStudy\WWW\FastAdmin\application\admin\controller\Ajax.php ]
[ info ] [ LANG ] D:\phpStudy\WWW\FastAdmin\public/../application/admin/lang/zh-cn/dashboard.php
[ info ] [ BEHAVIOR ] Run app\admin\behavior\AdminLog @app_end [ RunTime:0.000000s ]
[ info ] [ LOG ] INIT File
---------------------------------------------------------------
[ 2018-06-28T15:07:53+08:00 ] 127.0.0.1 GET /admin/songtest?addtabs=1
[ info ] www.fastadminsong.com/admin/songtest?addtabs=1 [运行时间：1.878000s][吞吐率：0.53req/s] [内存消耗：2,910.91kb] [文件加载：82]
[ info ] [ BEHAVIOR ] Run Closure @app_init [ RunTime:0.000000s ]
[ info ] [ CACHE ] INIT File
[ info ] [ BEHAVIOR ] Run Closure @app_init [ RunTime:0.003000s ]
[ info ] [ LANG ] D:\phpStudy\WWW\FastAdmin\thinkphp\lang\zh-cn.php
[ info ] [ ROUTE ] array (
  'type' => 'module',
  'module' => 
  array (
    0 => 'admin',
    1 => 'songtest',
    2 => NULL,
  ),
)
[ info ] [ HEADER ] array (
  'cookie' => 'thinkphp_show_page_trace=0|0; thinkphp_show_page_trace=0|0; Hm_lvt_f8d0a8c400404989e195270b0bbf060a=1529996923,1530060863,1530144015; PHPSESSID=lponlmuutatabnmlt7e0a1p743; Hm_lpvt_f8d0a8c400404989e195270b0bbf060a=1530144020; keeplogin=1%7C86400%7C1530230479%7C76b90fd14ea595e1c6b5023d386727ac',
  'accept-language' => 'zh-CN,zh;q=0.9',
  'accept-encoding' => 'gzip, deflate',
  'referer' => 'http://www.fastadminsong.com/admin/songtest?ref=addtabs',
  'accept' => 'text/html,application/xhtml+xml,application/xml;q=0.9,image/webp,image/apng,*/*;q=0.8',
  'user-agent' => 'Mozilla/5.0 (Windows NT 6.1; WOW64) AppleWebKit/537.36 (KHTML, like Gecko) Chrome/64.0.3282.167 Safari/537.36',
  'upgrade-insecure-requests' => '1',
  'connection' => 'close',
  'host' => 'www.fastadminsong.com',
)
[ info ] [ PARAM ] array (
  'addtabs' => '1',
)
[ info ] [ LANG ] D:\phpStudy\WWW\FastAdmin\public/../application/admin\lang\zh-cn.php
[ info ] [ BEHAVIOR ] Run app\common\behavior\Common @module_init [ RunTime:0.000000s ]
[ info ] [ SESSION ] INIT array (
  'id' => '',
  'var_session_id' => '',
  'prefix' => 'think',
  'type' => '',
  'auto_start' => true,
)
[ info ] [ DB ] INIT mysql
[ info ] [ RUN ] app\admin\controller\Songtest->index[ D:\phpStudy\WWW\FastAdmin\application\admin\controller\Songtest.php ]
[ info ] [ BEHAVIOR ] Run app\admin\behavior\AdminLog @app_end [ RunTime:0.000000s ]
[ info ] [ LOG ] INIT File
[ sql ] [ DB ] CONNECT:[ UseTime:0.011000s ] mysql:host=127.0.0.1;dbname=fastadmin;charset=utf8
[ sql ] [ SQL ] SHOW COLUMNS FROM `fa_auth_group_access` [ RunTime:0.010000s ]
[ sql ] [ SQL ] SELECT `aga`.`uid`,`aga`.`group_id`,`ag`.`id`,`ag`.`pid`,`ag`.`name`,`ag`.`rules` FROM `fa_auth_group_access` `aga` LEFT JOIN `fa_auth_group` `ag` ON `aga`.`group_id`=`ag`.`id` WHERE  (  aga.uid='1' and ag.status='normal' ) [ RunTime:0.001000s ]
[ sql ] [ SQL ] SHOW COLUMNS FROM `fa_auth_rule` [ RunTime:0.010000s ]
[ sql ] [ SQL ] SELECT `id`,`pid`,`condition`,`icon`,`name`,`title`,`ismenu` FROM `fa_auth_rule` WHERE  `status` = 'normal' [ RunTime:0.001000s ]
[ sql ] [ SQL ] SHOW COLUMNS FROM `fa_num` [ RunTime:0.011000s ]
[ sql ] [ SQL ] SELECT `cl`.`name`,`n`.`num` FROM `fa_num` `n` INNER JOIN `fa_company_level` `cl` ON `n`.`exid`=`cl`.`id` WHERE  `num_type` = 3 [ RunTime:0.001000s ]
[ sql ] [ SQL ] SELECT `bs`.`name`,`n`.`num` FROM `fa_num` `n` INNER JOIN `fa_business_scope` `bs` ON `n`.`exid`=`bs`.`id` WHERE  `num_type` = 4 [ RunTime:0.001000s ]
---------------------------------------------------------------
[ 2018-06-28T15:08:16+08:00 ] 127.0.0.1 GET /admin/songtest?ref=addtabs
[ info ] www.fastadminsong.com/admin/songtest?ref=addtabs [运行时间：0.078000s][吞吐率：12.82req/s] [内存消耗：2,661.16kb] [文件加载：80]
[ info ] [ BEHAVIOR ] Run Closure @app_init [ RunTime:0.000000s ]
[ info ] [ CACHE ] INIT File
[ info ] [ BEHAVIOR ] Run Closure @app_init [ RunTime:0.002000s ]
[ info ] [ LANG ] D:\phpStudy\WWW\FastAdmin\thinkphp\lang\zh-cn.php
[ info ] [ ROUTE ] array (
  'type' => 'module',
  'module' => 
  array (
    0 => 'admin',
    1 => 'songtest',
    2 => NULL,
  ),
)
[ info ] [ HEADER ] array (
  'cookie' => 'thinkphp_show_page_trace=0|0; thinkphp_show_page_trace=0|0; Hm_lvt_f8d0a8c400404989e195270b0bbf060a=1529996923,1530060863,1530144015; PHPSESSID=lponlmuutatabnmlt7e0a1p743; Hm_lpvt_f8d0a8c400404989e195270b0bbf060a=1530144020; keeplogin=1%7C86400%7C1530230479%7C76b90fd14ea595e1c6b5023d386727ac',
  'accept-language' => 'zh-CN,zh;q=0.9',
  'accept-encoding' => 'gzip, deflate',
  'accept' => 'text/html,application/xhtml+xml,application/xml;q=0.9,image/webp,image/apng,*/*;q=0.8',
  'user-agent' => 'Mozilla/5.0 (Windows NT 6.1; WOW64) AppleWebKit/537.36 (KHTML, like Gecko) Chrome/64.0.3282.167 Safari/537.36',
  'upgrade-insecure-requests' => '1',
  'cache-control' => 'max-age=0',
  'connection' => 'close',
  'host' => 'www.fastadminsong.com',
)
[ info ] [ PARAM ] array (
  'ref' => 'addtabs',
)
[ info ] [ LANG ] D:\phpStudy\WWW\FastAdmin\public/../application/admin\lang\zh-cn.php
[ info ] [ BEHAVIOR ] Run app\common\behavior\Common @module_init [ RunTime:0.001000s ]
[ info ] [ SESSION ] INIT array (
  'id' => '',
  'var_session_id' => '',
  'prefix' => 'think',
  'type' => '',
  'auto_start' => true,
)
[ info ] [ DB ] INIT mysql
[ info ] [ BEHAVIOR ] Run app\admin\behavior\AdminLog @app_end [ RunTime:0.001000s ]
[ info ] [ LOG ] INIT File
[ sql ] [ DB ] CONNECT:[ UseTime:0.011000s ] mysql:host=127.0.0.1;dbname=fastadmin;charset=utf8
[ sql ] [ SQL ] SHOW COLUMNS FROM `fa_auth_group_access` [ RunTime:0.009000s ]
[ sql ] [ SQL ] SELECT `aga`.`uid`,`aga`.`group_id`,`ag`.`id`,`ag`.`pid`,`ag`.`name`,`ag`.`rules` FROM `fa_auth_group_access` `aga` LEFT JOIN `fa_auth_group` `ag` ON `aga`.`group_id`=`ag`.`id` WHERE  (  aga.uid='1' and ag.status='normal' ) [ RunTime:0.001000s ]
[ sql ] [ SQL ] SHOW COLUMNS FROM `fa_auth_rule` [ RunTime:0.010000s ]
[ sql ] [ SQL ] SELECT `id`,`pid`,`condition`,`icon`,`name`,`title`,`ismenu` FROM `fa_auth_rule` WHERE  `status` = 'normal' [ RunTime:0.001000s ]
---------------------------------------------------------------
[ 2018-06-28T15:08:17+08:00 ] 127.0.0.1 GET /admin/index/index
[ info ] www.fastadminsong.com/admin/index/index [运行时间：0.566000s][吞吐率：1.77req/s] [内存消耗：3,202.58kb] [文件加载：96]
[ info ] [ BEHAVIOR ] Run Closure @app_init [ RunTime:0.000000s ]
[ info ] [ CACHE ] INIT File
[ info ] [ BEHAVIOR ] Run Closure @app_init [ RunTime:0.002000s ]
[ info ] [ LANG ] D:\phpStudy\WWW\FastAdmin\thinkphp\lang\zh-cn.php
[ info ] [ ROUTE ] array (
  'type' => 'module',
  'module' => 
  array (
    0 => 'admin',
    1 => 'index',
    2 => 'index',
  ),
)
[ info ] [ HEADER ] array (
  'cookie' => 'thinkphp_show_page_trace=0|0; thinkphp_show_page_trace=0|0; thinkphp_show_page_trace=0|0; Hm_lvt_f8d0a8c400404989e195270b0bbf060a=1529996923,1530060863,1530144015; PHPSESSID=lponlmuutatabnmlt7e0a1p743; Hm_lpvt_f8d0a8c400404989e195270b0bbf060a=1530144020; keeplogin=1%7C86400%7C1530230479%7C76b90fd14ea595e1c6b5023d386727ac',
  'accept-language' => 'zh-CN,zh;q=0.9',
  'accept-encoding' => 'gzip, deflate',
  'accept' => 'text/html,application/xhtml+xml,application/xml;q=0.9,image/webp,image/apng,*/*;q=0.8',
  'user-agent' => 'Mozilla/5.0 (Windows NT 6.1; WOW64) AppleWebKit/537.36 (KHTML, like Gecko) Chrome/64.0.3282.167 Safari/537.36',
  'upgrade-insecure-requests' => '1',
  'cache-control' => 'max-age=0',
  'connection' => 'close',
  'host' => 'www.fastadminsong.com',
)
[ info ] [ PARAM ] array (
)
[ info ] [ LANG ] D:\phpStudy\WWW\FastAdmin\public/../application/admin\lang\zh-cn.php
[ info ] [ BEHAVIOR ] Run app\common\behavior\Common @module_init [ RunTime:0.000000s ]
[ info ] [ SESSION ] INIT array (
  'id' => '',
  'var_session_id' => '',
  'prefix' => 'think',
  'type' => '',
  'auto_start' => true,
)
[ info ] [ LANG ] D:\phpStudy\WWW\FastAdmin\public/../application/admin/lang/zh-cn/index.php
[ info ] [ RUN ] app\admin\controller\Index->index[ D:\phpStudy\WWW\FastAdmin\application\admin\controller\Index.php ]
[ info ] [ DB ] INIT mysql
[ info ] [ VIEW ] D:\phpStudy\WWW\FastAdmin\public/../application/admin\view\index\index.html [ array (
  0 => 'breadcrumb',
  1 => 'site',
  2 => 'config',
  3 => 'auth',
  4 => 'admin',
  5 => 'menulist',
  6 => 'title',
) ]
[ info ] [ BEHAVIOR ] Run app\admin\behavior\AdminLog @app_end [ RunTime:0.000000s ]
[ info ] [ LOG ] INIT File
[ sql ] [ DB ] CONNECT:[ UseTime:0.011000s ] mysql:host=127.0.0.1;dbname=fastadmin;charset=utf8
[ sql ] [ SQL ] SHOW COLUMNS FROM `fa_auth_group_access` [ RunTime:0.010000s ]
[ sql ] [ SQL ] SELECT `aga`.`uid`,`aga`.`group_id`,`ag`.`id`,`ag`.`pid`,`ag`.`name`,`ag`.`rules` FROM `fa_auth_group_access` `aga` LEFT JOIN `fa_auth_group` `ag` ON `aga`.`group_id`=`ag`.`id` WHERE  (  aga.uid='1' and ag.status='normal' ) [ RunTime:0.000000s ]
[ sql ] [ SQL ] SHOW COLUMNS FROM `fa_auth_rule` [ RunTime:0.010000s ]
[ sql ] [ SQL ] SELECT `id`,`pid`,`condition`,`icon`,`name`,`title`,`ismenu` FROM `fa_auth_rule` WHERE  `status` = 'normal' [ RunTime:0.001000s ]
---------------------------------------------------------------
[ 2018-06-28T15:08:17+08:00 ] 127.0.0.1 GET /admin/ajax/lang?callback=define&controllername=index&v=1530169696
[ info ] www.fastadminsong.com/admin/ajax/lang?callback=define&controllername=index&v=1530169696 [运行时间：0.031000s][吞吐率：32.26req/s] [内存消耗：2,199.95kb] [文件加载：76]
[ info ] [ BEHAVIOR ] Run Closure @app_init [ RunTime:0.000000s ]
[ info ] [ CACHE ] INIT File
[ info ] [ BEHAVIOR ] Run Closure @app_init [ RunTime:0.002000s ]
[ info ] [ LANG ] D:\phpStudy\WWW\FastAdmin\thinkphp\lang\zh-cn.php
[ info ] [ ROUTE ] array (
  'type' => 'module',
  'module' => 
  array (
    0 => 'admin',
    1 => 'ajax',
    2 => 'lang',
  ),
)
[ info ] [ HEADER ] array (
  'cookie' => 'thinkphp_show_page_trace=0|0; thinkphp_show_page_trace=0|0; Hm_lvt_f8d0a8c400404989e195270b0bbf060a=1529996923,1530060863,1530144015; PHPSESSID=lponlmuutatabnmlt7e0a1p743; Hm_lpvt_f8d0a8c400404989e195270b0bbf060a=1530144020; keeplogin=1%7C86400%7C1530230479%7C76b90fd14ea595e1c6b5023d386727ac',
  'accept-language' => 'zh-CN,zh;q=0.9',
  'accept-encoding' => 'gzip, deflate',
  'referer' => 'http://www.fastadminsong.com/admin/index/index',
  'accept' => '*/*',
  'user-agent' => 'Mozilla/5.0 (Windows NT 6.1; WOW64) AppleWebKit/537.36 (KHTML, like Gecko) Chrome/64.0.3282.167 Safari/537.36',
  'connection' => 'close',
  'host' => 'www.fastadminsong.com',
)
[ info ] [ PARAM ] array (
  'callback' => 'define',
  'controllername' => 'index',
  'v' => '1530169696',
)
[ info ] [ LANG ] D:\phpStudy\WWW\FastAdmin\public/../application/admin\lang\zh-cn.php
[ info ] [ BEHAVIOR ] Run app\common\behavior\Common @module_init [ RunTime:0.000000s ]
[ info ] [ SESSION ] INIT array (
  'id' => '',
  'var_session_id' => '',
  'prefix' => 'think',
  'type' => '',
  'auto_start' => true,
)
[ info ] [ LANG ] D:\phpStudy\WWW\FastAdmin\public/../application/admin/lang/zh-cn/ajax.php
[ info ] [ RUN ] app\admin\controller\Ajax->lang[ D:\phpStudy\WWW\FastAdmin\application\admin\controller\Ajax.php ]
[ info ] [ LANG ] D:\phpStudy\WWW\FastAdmin\public/../application/admin/lang/zh-cn/index.php
[ info ] [ BEHAVIOR ] Run app\admin\behavior\AdminLog @app_end [ RunTime:0.000000s ]
[ info ] [ LOG ] INIT File
---------------------------------------------------------------
[ 2018-06-28T15:08:17+08:00 ] 127.0.0.1 GET /admin/dashboard?addtabs=1
[ info ] www.fastadminsong.com/admin/dashboard?addtabs=1 [运行时间：0.092000s][吞吐率：10.87req/s] [内存消耗：3,023.22kb] [文件加载：87]
[ info ] [ BEHAVIOR ] Run Closure @app_init [ RunTime:0.000000s ]
[ info ] [ CACHE ] INIT File
[ info ] [ BEHAVIOR ] Run Closure @app_init [ RunTime:0.002000s ]
[ info ] [ LANG ] D:\phpStudy\WWW\FastAdmin\thinkphp\lang\zh-cn.php
[ info ] [ ROUTE ] array (
  'type' => 'module',
  'module' => 
  array (
    0 => 'admin',
    1 => 'dashboard',
    2 => NULL,
  ),
)
[ info ] [ HEADER ] array (
  'cookie' => 'thinkphp_show_page_trace=0|0; thinkphp_show_page_trace=0|0; Hm_lvt_f8d0a8c400404989e195270b0bbf060a=1529996923,1530060863,1530144015; PHPSESSID=lponlmuutatabnmlt7e0a1p743; Hm_lpvt_f8d0a8c400404989e195270b0bbf060a=1530144020; keeplogin=1%7C86400%7C1530230479%7C76b90fd14ea595e1c6b5023d386727ac',
  'accept-language' => 'zh-CN,zh;q=0.9',
  'accept-encoding' => 'gzip, deflate',
  'referer' => 'http://www.fastadminsong.com/admin/dashboard?ref=addtabs',
  'accept' => 'text/html,application/xhtml+xml,application/xml;q=0.9,image/webp,image/apng,*/*;q=0.8',
  'user-agent' => 'Mozilla/5.0 (Windows NT 6.1; WOW64) AppleWebKit/537.36 (KHTML, like Gecko) Chrome/64.0.3282.167 Safari/537.36',
  'upgrade-insecure-requests' => '1',
  'connection' => 'close',
  'host' => 'www.fastadminsong.com',
)
[ info ] [ PARAM ] array (
  'addtabs' => '1',
)
[ info ] [ LANG ] D:\phpStudy\WWW\FastAdmin\public/../application/admin\lang\zh-cn.php
[ info ] [ BEHAVIOR ] Run app\common\behavior\Common @module_init [ RunTime:0.000000s ]
[ info ] [ SESSION ] INIT array (
  'id' => '',
  'var_session_id' => '',
  'prefix' => 'think',
  'type' => '',
  'auto_start' => true,
)
[ info ] [ DB ] INIT mysql
[ info ] [ LANG ] D:\phpStudy\WWW\FastAdmin\public/../application/admin/lang/zh-cn/dashboard.php
[ info ] [ RUN ] app\admin\controller\Dashboard->index[ D:\phpStudy\WWW\FastAdmin\application\admin\controller\Dashboard.php ]
[ info ] [ VIEW ] D:\phpStudy\WWW\FastAdmin\public/../application/admin\view\dashboard\index.html [ array (
  0 => 'breadcrumb',
  1 => 'site',
  2 => 'config',
  3 => 'auth',
  4 => 'admin',
  5 => 'A',
  6 => 'B',
  7 => 'C',
  8 => 'D',
  9 => 'todayuserlogin',
  10 => 'todayusersignup',
  11 => 'todayorder',
  12 => 'unsettleorder',
  13 => 'sevendnu',
  14 => 'sevendau',
  15 => 'paylist',
  16 => 'createlist',
  17 => 'addonversion',
  18 => 'uploadmode',
) ]
[ info ] [ BEHAVIOR ] Run app\admin\behavior\AdminLog @app_end [ RunTime:0.001000s ]
[ info ] [ LOG ] INIT File
[ sql ] [ DB ] CONNECT:[ UseTime:0.012000s ] mysql:host=127.0.0.1;dbname=fastadmin;charset=utf8
[ sql ] [ SQL ] SHOW COLUMNS FROM `fa_auth_group_access` [ RunTime:0.010000s ]
[ sql ] [ SQL ] SELECT `aga`.`uid`,`aga`.`group_id`,`ag`.`id`,`ag`.`pid`,`ag`.`name`,`ag`.`rules` FROM `fa_auth_group_access` `aga` LEFT JOIN `fa_auth_group` `ag` ON `aga`.`group_id`=`ag`.`id` WHERE  (  aga.uid='1' and ag.status='normal' ) [ RunTime:0.000000s ]
[ sql ] [ SQL ] SHOW COLUMNS FROM `fa_auth_rule` [ RunTime:0.010000s ]
[ sql ] [ SQL ] SELECT `id`,`pid`,`condition`,`icon`,`name`,`title`,`ismenu` FROM `fa_auth_rule` WHERE  `status` = 'normal' [ RunTime:0.000000s ]
[ sql ] [ SQL ] SHOW COLUMNS FROM `fa_num` [ RunTime:0.010000s ]
[ sql ] [ SQL ] SELECT `cl`.`name`,`n`.`num` FROM `fa_num` `n` INNER JOIN `fa_company_level` `cl` ON `n`.`exid`=`cl`.`id` WHERE  `num_type` = 3 [ RunTime:0.000000s ]
[ sql ] [ SQL ] SELECT `title`,`remark` FROM `fa_auth_rule` WHERE  `name` = 'dashboard' LIMIT 1 [ RunTime:0.001000s ]
---------------------------------------------------------------
[ 2018-06-28T15:08:18+08:00 ] 127.0.0.1 GET /admin/ajax/lang?callback=define&controllername=dashboard&v=1530169697
[ info ] www.fastadminsong.com/admin/ajax/lang?callback=define&controllername=dashboard&v=1530169697 [运行时间：0.032000s][吞吐率：31.25req/s] [内存消耗：2,199.30kb] [文件加载：76]
[ info ] [ BEHAVIOR ] Run Closure @app_init [ RunTime:0.000000s ]
[ info ] [ CACHE ] INIT File
[ info ] [ BEHAVIOR ] Run Closure @app_init [ RunTime:0.002000s ]
[ info ] [ LANG ] D:\phpStudy\WWW\FastAdmin\thinkphp\lang\zh-cn.php
[ info ] [ ROUTE ] array (
  'type' => 'module',
  'module' => 
  array (
    0 => 'admin',
    1 => 'ajax',
    2 => 'lang',
  ),
)
[ info ] [ HEADER ] array (
  'cookie' => 'thinkphp_show_page_trace=0|0; thinkphp_show_page_trace=0|0; Hm_lvt_f8d0a8c400404989e195270b0bbf060a=1529996923,1530060863,1530144015; PHPSESSID=lponlmuutatabnmlt7e0a1p743; Hm_lpvt_f8d0a8c400404989e195270b0bbf060a=1530144020; keeplogin=1%7C86400%7C1530230479%7C76b90fd14ea595e1c6b5023d386727ac',
  'accept-language' => 'zh-CN,zh;q=0.9',
  'accept-encoding' => 'gzip, deflate',
  'referer' => 'http://www.fastadminsong.com/admin/dashboard?addtabs=1',
  'accept' => '*/*',
  'user-agent' => 'Mozilla/5.0 (Windows NT 6.1; WOW64) AppleWebKit/537.36 (KHTML, like Gecko) Chrome/64.0.3282.167 Safari/537.36',
  'connection' => 'close',
  'host' => 'www.fastadminsong.com',
)
[ info ] [ PARAM ] array (
  'callback' => 'define',
  'controllername' => 'dashboard',
  'v' => '1530169697',
)
[ info ] [ LANG ] D:\phpStudy\WWW\FastAdmin\public/../application/admin\lang\zh-cn.php
[ info ] [ BEHAVIOR ] Run app\common\behavior\Common @module_init [ RunTime:0.000000s ]
[ info ] [ SESSION ] INIT array (
  'id' => '',
  'var_session_id' => '',
  'prefix' => 'think',
  'type' => '',
  'auto_start' => true,
)
[ info ] [ LANG ] D:\phpStudy\WWW\FastAdmin\public/../application/admin/lang/zh-cn/ajax.php
[ info ] [ RUN ] app\admin\controller\Ajax->lang[ D:\phpStudy\WWW\FastAdmin\application\admin\controller\Ajax.php ]
[ info ] [ LANG ] D:\phpStudy\WWW\FastAdmin\public/../application/admin/lang/zh-cn/dashboard.php
[ info ] [ BEHAVIOR ] Run app\admin\behavior\AdminLog @app_end [ RunTime:0.001000s ]
[ info ] [ LOG ] INIT File
---------------------------------------------------------------
[ 2018-06-28T15:08:19+08:00 ] 127.0.0.1 GET /admin/songtest?addtabs=1
[ info ] www.fastadminsong.com/admin/songtest?addtabs=1 [运行时间：0.105000s][吞吐率：9.52req/s] [内存消耗：2,909.46kb] [文件加载：82]
[ info ] [ BEHAVIOR ] Run Closure @app_init [ RunTime:0.000000s ]
[ info ] [ CACHE ] INIT File
[ info ] [ BEHAVIOR ] Run Closure @app_init [ RunTime:0.004000s ]
[ info ] [ LANG ] D:\phpStudy\WWW\FastAdmin\thinkphp\lang\zh-cn.php
[ info ] [ ROUTE ] array (
  'type' => 'module',
  'module' => 
  array (
    0 => 'admin',
    1 => 'songtest',
    2 => NULL,
  ),
)
[ info ] [ HEADER ] array (
  'cookie' => 'thinkphp_show_page_trace=0|0; thinkphp_show_page_trace=0|0; Hm_lvt_f8d0a8c400404989e195270b0bbf060a=1529996923,1530060863,1530144015; PHPSESSID=lponlmuutatabnmlt7e0a1p743; Hm_lpvt_f8d0a8c400404989e195270b0bbf060a=1530144020; keeplogin=1%7C86400%7C1530230479%7C76b90fd14ea595e1c6b5023d386727ac',
  'accept-language' => 'zh-CN,zh;q=0.9',
  'accept-encoding' => 'gzip, deflate',
  'referer' => 'http://www.fastadminsong.com/admin/songtest?ref=addtabs',
  'accept' => 'text/html,application/xhtml+xml,application/xml;q=0.9,image/webp,image/apng,*/*;q=0.8',
  'user-agent' => 'Mozilla/5.0 (Windows NT 6.1; WOW64) AppleWebKit/537.36 (KHTML, like Gecko) Chrome/64.0.3282.167 Safari/537.36',
  'upgrade-insecure-requests' => '1',
  'connection' => 'close',
  'host' => 'www.fastadminsong.com',
)
[ info ] [ PARAM ] array (
  'addtabs' => '1',
)
[ info ] [ LANG ] D:\phpStudy\WWW\FastAdmin\public/../application/admin\lang\zh-cn.php
[ info ] [ BEHAVIOR ] Run app\common\behavior\Common @module_init [ RunTime:0.000000s ]
[ info ] [ SESSION ] INIT array (
  'id' => '',
  'var_session_id' => '',
  'prefix' => 'think',
  'type' => '',
  'auto_start' => true,
)
[ info ] [ DB ] INIT mysql
[ info ] [ RUN ] app\admin\controller\Songtest->index[ D:\phpStudy\WWW\FastAdmin\application\admin\controller\Songtest.php ]
[ info ] [ BEHAVIOR ] Run app\admin\behavior\AdminLog @app_end [ RunTime:0.001000s ]
[ info ] [ LOG ] INIT File
[ sql ] [ DB ] CONNECT:[ UseTime:0.011000s ] mysql:host=127.0.0.1;dbname=fastadmin;charset=utf8
[ sql ] [ SQL ] SHOW COLUMNS FROM `fa_auth_group_access` [ RunTime:0.010000s ]
[ sql ] [ SQL ] SELECT `aga`.`uid`,`aga`.`group_id`,`ag`.`id`,`ag`.`pid`,`ag`.`name`,`ag`.`rules` FROM `fa_auth_group_access` `aga` LEFT JOIN `fa_auth_group` `ag` ON `aga`.`group_id`=`ag`.`id` WHERE  (  aga.uid='1' and ag.status='normal' ) [ RunTime:0.001000s ]
[ sql ] [ SQL ] SHOW COLUMNS FROM `fa_auth_rule` [ RunTime:0.009000s ]
[ sql ] [ SQL ] SELECT `id`,`pid`,`condition`,`icon`,`name`,`title`,`ismenu` FROM `fa_auth_rule` WHERE  `status` = 'normal' [ RunTime:0.001000s ]
[ sql ] [ SQL ] SHOW COLUMNS FROM `fa_num` [ RunTime:0.012000s ]
[ sql ] [ SQL ] SELECT `cl`.`name`,`n`.`num` FROM `fa_num` `n` INNER JOIN `fa_company_level` `cl` ON `n`.`exid`=`cl`.`id` WHERE  `num_type` = 3 [ RunTime:0.001000s ]
[ sql ] [ SQL ] SELECT `bs`.`name`,`n`.`num` FROM `fa_num` `n` INNER JOIN `fa_business_scope` `bs` ON `n`.`exid`=`bs`.`id` WHERE  `num_type` = 4 [ RunTime:0.000000s ]
---------------------------------------------------------------
[ 2018-06-28T15:15:06+08:00 ] 127.0.0.1 GET /admin/songtest?ref=addtabs
[ info ] www.fastadminsong.com/admin/songtest?ref=addtabs [运行时间：0.121000s][吞吐率：8.26req/s] [内存消耗：2,661.07kb] [文件加载：80]
[ info ] [ BEHAVIOR ] Run Closure @app_init [ RunTime:0.000000s ]
[ info ] [ CACHE ] INIT File
[ info ] [ BEHAVIOR ] Run Closure @app_init [ RunTime:0.003000s ]
[ info ] [ LANG ] D:\phpStudy\WWW\FastAdmin\thinkphp\lang\zh-cn.php
[ info ] [ ROUTE ] array (
  'type' => 'module',
  'module' => 
  array (
    0 => 'admin',
    1 => 'songtest',
    2 => NULL,
  ),
)
[ info ] [ HEADER ] array (
  'cookie' => 'thinkphp_show_page_trace=0|0; thinkphp_show_page_trace=0|0; Hm_lvt_f8d0a8c400404989e195270b0bbf060a=1529996923,1530060863,1530144015; PHPSESSID=lponlmuutatabnmlt7e0a1p743; Hm_lpvt_f8d0a8c400404989e195270b0bbf060a=1530144020; keeplogin=1%7C86400%7C1530230479%7C76b90fd14ea595e1c6b5023d386727ac',
  'accept-language' => 'zh-CN,zh;q=0.9',
  'accept-encoding' => 'gzip, deflate',
  'accept' => 'text/html,application/xhtml+xml,application/xml;q=0.9,image/webp,image/apng,*/*;q=0.8',
  'user-agent' => 'Mozilla/5.0 (Windows NT 6.1; WOW64) AppleWebKit/537.36 (KHTML, like Gecko) Chrome/64.0.3282.167 Safari/537.36',
  'upgrade-insecure-requests' => '1',
  'cache-control' => 'max-age=0',
  'connection' => 'close',
  'host' => 'www.fastadminsong.com',
)
[ info ] [ PARAM ] array (
  'ref' => 'addtabs',
)
[ info ] [ LANG ] D:\phpStudy\WWW\FastAdmin\public/../application/admin\lang\zh-cn.php
[ info ] [ BEHAVIOR ] Run app\common\behavior\Common @module_init [ RunTime:0.001000s ]
[ info ] [ SESSION ] INIT array (
  'id' => '',
  'var_session_id' => '',
  'prefix' => 'think',
  'type' => '',
  'auto_start' => true,
)
[ info ] [ DB ] INIT mysql
[ info ] [ BEHAVIOR ] Run app\admin\behavior\AdminLog @app_end [ RunTime:0.000000s ]
[ info ] [ LOG ] INIT File
[ sql ] [ DB ] CONNECT:[ UseTime:0.052000s ] mysql:host=127.0.0.1;dbname=fastadmin;charset=utf8
[ sql ] [ SQL ] SHOW COLUMNS FROM `fa_auth_group_access` [ RunTime:0.010000s ]
[ sql ] [ SQL ] SELECT `aga`.`uid`,`aga`.`group_id`,`ag`.`id`,`ag`.`pid`,`ag`.`name`,`ag`.`rules` FROM `fa_auth_group_access` `aga` LEFT JOIN `fa_auth_group` `ag` ON `aga`.`group_id`=`ag`.`id` WHERE  (  aga.uid='1' and ag.status='normal' ) [ RunTime:0.001000s ]
[ sql ] [ SQL ] SHOW COLUMNS FROM `fa_auth_rule` [ RunTime:0.011000s ]
[ sql ] [ SQL ] SELECT `id`,`pid`,`condition`,`icon`,`name`,`title`,`ismenu` FROM `fa_auth_rule` WHERE  `status` = 'normal' [ RunTime:0.001000s ]
---------------------------------------------------------------
[ 2018-06-28T15:15:06+08:00 ] 127.0.0.1 GET /admin/index/index
[ info ] www.fastadminsong.com/admin/index/index [运行时间：0.571000s][吞吐率：1.75req/s] [内存消耗：3,202.58kb] [文件加载：96]
[ info ] [ BEHAVIOR ] Run Closure @app_init [ RunTime:0.000000s ]
[ info ] [ CACHE ] INIT File
[ info ] [ BEHAVIOR ] Run Closure @app_init [ RunTime:0.002000s ]
[ info ] [ LANG ] D:\phpStudy\WWW\FastAdmin\thinkphp\lang\zh-cn.php
[ info ] [ ROUTE ] array (
  'type' => 'module',
  'module' => 
  array (
    0 => 'admin',
    1 => 'index',
    2 => 'index',
  ),
)
[ info ] [ HEADER ] array (
  'cookie' => 'thinkphp_show_page_trace=0|0; thinkphp_show_page_trace=0|0; thinkphp_show_page_trace=0|0; Hm_lvt_f8d0a8c400404989e195270b0bbf060a=1529996923,1530060863,1530144015; PHPSESSID=lponlmuutatabnmlt7e0a1p743; Hm_lpvt_f8d0a8c400404989e195270b0bbf060a=1530144020; keeplogin=1%7C86400%7C1530230479%7C76b90fd14ea595e1c6b5023d386727ac',
  'accept-language' => 'zh-CN,zh;q=0.9',
  'accept-encoding' => 'gzip, deflate',
  'accept' => 'text/html,application/xhtml+xml,application/xml;q=0.9,image/webp,image/apng,*/*;q=0.8',
  'user-agent' => 'Mozilla/5.0 (Windows NT 6.1; WOW64) AppleWebKit/537.36 (KHTML, like Gecko) Chrome/64.0.3282.167 Safari/537.36',
  'upgrade-insecure-requests' => '1',
  'cache-control' => 'max-age=0',
  'connection' => 'close',
  'host' => 'www.fastadminsong.com',
)
[ info ] [ PARAM ] array (
)
[ info ] [ LANG ] D:\phpStudy\WWW\FastAdmin\public/../application/admin\lang\zh-cn.php
[ info ] [ BEHAVIOR ] Run app\common\behavior\Common @module_init [ RunTime:0.000000s ]
[ info ] [ SESSION ] INIT array (
  'id' => '',
  'var_session_id' => '',
  'prefix' => 'think',
  'type' => '',
  'auto_start' => true,
)
[ info ] [ LANG ] D:\phpStudy\WWW\FastAdmin\public/../application/admin/lang/zh-cn/index.php
[ info ] [ RUN ] app\admin\controller\Index->index[ D:\phpStudy\WWW\FastAdmin\application\admin\controller\Index.php ]
[ info ] [ DB ] INIT mysql
[ info ] [ VIEW ] D:\phpStudy\WWW\FastAdmin\public/../application/admin\view\index\index.html [ array (
  0 => 'breadcrumb',
  1 => 'site',
  2 => 'config',
  3 => 'auth',
  4 => 'admin',
  5 => 'menulist',
  6 => 'title',
) ]
[ info ] [ BEHAVIOR ] Run app\admin\behavior\AdminLog @app_end [ RunTime:0.001000s ]
[ info ] [ LOG ] INIT File
[ sql ] [ DB ] CONNECT:[ UseTime:0.003000s ] mysql:host=127.0.0.1;dbname=fastadmin;charset=utf8
[ sql ] [ SQL ] SHOW COLUMNS FROM `fa_auth_group_access` [ RunTime:0.010000s ]
[ sql ] [ SQL ] SELECT `aga`.`uid`,`aga`.`group_id`,`ag`.`id`,`ag`.`pid`,`ag`.`name`,`ag`.`rules` FROM `fa_auth_group_access` `aga` LEFT JOIN `fa_auth_group` `ag` ON `aga`.`group_id`=`ag`.`id` WHERE  (  aga.uid='1' and ag.status='normal' ) [ RunTime:0.001000s ]
[ sql ] [ SQL ] SHOW COLUMNS FROM `fa_auth_rule` [ RunTime:0.010000s ]
[ sql ] [ SQL ] SELECT `id`,`pid`,`condition`,`icon`,`name`,`title`,`ismenu` FROM `fa_auth_rule` WHERE  `status` = 'normal' [ RunTime:0.001000s ]
---------------------------------------------------------------
[ 2018-06-28T15:15:06+08:00 ] 127.0.0.1 GET /admin/ajax/lang?callback=define&controllername=index&v=1530170106
[ info ] www.fastadminsong.com/admin/ajax/lang?callback=define&controllername=index&v=1530170106 [运行时间：0.031000s][吞吐率：32.26req/s] [内存消耗：2,199.95kb] [文件加载：76]
[ info ] [ BEHAVIOR ] Run Closure @app_init [ RunTime:0.000000s ]
[ info ] [ CACHE ] INIT File
[ info ] [ BEHAVIOR ] Run Closure @app_init [ RunTime:0.002000s ]
[ info ] [ LANG ] D:\phpStudy\WWW\FastAdmin\thinkphp\lang\zh-cn.php
[ info ] [ ROUTE ] array (
  'type' => 'module',
  'module' => 
  array (
    0 => 'admin',
    1 => 'ajax',
    2 => 'lang',
  ),
)
[ info ] [ HEADER ] array (
  'cookie' => 'thinkphp_show_page_trace=0|0; thinkphp_show_page_trace=0|0; Hm_lvt_f8d0a8c400404989e195270b0bbf060a=1529996923,1530060863,1530144015; PHPSESSID=lponlmuutatabnmlt7e0a1p743; Hm_lpvt_f8d0a8c400404989e195270b0bbf060a=1530144020; keeplogin=1%7C86400%7C1530230479%7C76b90fd14ea595e1c6b5023d386727ac',
  'accept-language' => 'zh-CN,zh;q=0.9',
  'accept-encoding' => 'gzip, deflate',
  'referer' => 'http://www.fastadminsong.com/admin/index/index',
  'accept' => '*/*',
  'user-agent' => 'Mozilla/5.0 (Windows NT 6.1; WOW64) AppleWebKit/537.36 (KHTML, like Gecko) Chrome/64.0.3282.167 Safari/537.36',
  'connection' => 'close',
  'host' => 'www.fastadminsong.com',
)
[ info ] [ PARAM ] array (
  'callback' => 'define',
  'controllername' => 'index',
  'v' => '1530170106',
)
[ info ] [ LANG ] D:\phpStudy\WWW\FastAdmin\public/../application/admin\lang\zh-cn.php
[ info ] [ BEHAVIOR ] Run app\common\behavior\Common @module_init [ RunTime:0.000000s ]
[ info ] [ SESSION ] INIT array (
  'id' => '',
  'var_session_id' => '',
  'prefix' => 'think',
  'type' => '',
  'auto_start' => true,
)
[ info ] [ LANG ] D:\phpStudy\WWW\FastAdmin\public/../application/admin/lang/zh-cn/ajax.php
[ info ] [ RUN ] app\admin\controller\Ajax->lang[ D:\phpStudy\WWW\FastAdmin\application\admin\controller\Ajax.php ]
[ info ] [ LANG ] D:\phpStudy\WWW\FastAdmin\public/../application/admin/lang/zh-cn/index.php
[ info ] [ BEHAVIOR ] Run app\admin\behavior\AdminLog @app_end [ RunTime:0.001000s ]
[ info ] [ LOG ] INIT File
---------------------------------------------------------------
[ 2018-06-28T15:15:07+08:00 ] 127.0.0.1 GET /admin/dashboard?addtabs=1
[ info ] www.fastadminsong.com/admin/dashboard?addtabs=1 [运行时间：0.084000s][吞吐率：11.90req/s] [内存消耗：3,023.22kb] [文件加载：87]
[ info ] [ BEHAVIOR ] Run Closure @app_init [ RunTime:0.000000s ]
[ info ] [ CACHE ] INIT File
[ info ] [ BEHAVIOR ] Run Closure @app_init [ RunTime:0.002000s ]
[ info ] [ LANG ] D:\phpStudy\WWW\FastAdmin\thinkphp\lang\zh-cn.php
[ info ] [ ROUTE ] array (
  'type' => 'module',
  'module' => 
  array (
    0 => 'admin',
    1 => 'dashboard',
    2 => NULL,
  ),
)
[ info ] [ HEADER ] array (
  'cookie' => 'thinkphp_show_page_trace=0|0; thinkphp_show_page_trace=0|0; Hm_lvt_f8d0a8c400404989e195270b0bbf060a=1529996923,1530060863,1530144015; PHPSESSID=lponlmuutatabnmlt7e0a1p743; Hm_lpvt_f8d0a8c400404989e195270b0bbf060a=1530144020; keeplogin=1%7C86400%7C1530230479%7C76b90fd14ea595e1c6b5023d386727ac',
  'accept-language' => 'zh-CN,zh;q=0.9',
  'accept-encoding' => 'gzip, deflate',
  'referer' => 'http://www.fastadminsong.com/admin/dashboard?ref=addtabs',
  'accept' => 'text/html,application/xhtml+xml,application/xml;q=0.9,image/webp,image/apng,*/*;q=0.8',
  'user-agent' => 'Mozilla/5.0 (Windows NT 6.1; WOW64) AppleWebKit/537.36 (KHTML, like Gecko) Chrome/64.0.3282.167 Safari/537.36',
  'upgrade-insecure-requests' => '1',
  'connection' => 'close',
  'host' => 'www.fastadminsong.com',
)
[ info ] [ PARAM ] array (
  'addtabs' => '1',
)
[ info ] [ LANG ] D:\phpStudy\WWW\FastAdmin\public/../application/admin\lang\zh-cn.php
[ info ] [ BEHAVIOR ] Run app\common\behavior\Common @module_init [ RunTime:0.000000s ]
[ info ] [ SESSION ] INIT array (
  'id' => '',
  'var_session_id' => '',
  'prefix' => 'think',
  'type' => '',
  'auto_start' => true,
)
[ info ] [ DB ] INIT mysql
[ info ] [ LANG ] D:\phpStudy\WWW\FastAdmin\public/../application/admin/lang/zh-cn/dashboard.php
[ info ] [ RUN ] app\admin\controller\Dashboard->index[ D:\phpStudy\WWW\FastAdmin\application\admin\controller\Dashboard.php ]
[ info ] [ VIEW ] D:\phpStudy\WWW\FastAdmin\public/../application/admin\view\dashboard\index.html [ array (
  0 => 'breadcrumb',
  1 => 'site',
  2 => 'config',
  3 => 'auth',
  4 => 'admin',
  5 => 'A',
  6 => 'B',
  7 => 'C',
  8 => 'D',
  9 => 'todayuserlogin',
  10 => 'todayusersignup',
  11 => 'todayorder',
  12 => 'unsettleorder',
  13 => 'sevendnu',
  14 => 'sevendau',
  15 => 'paylist',
  16 => 'createlist',
  17 => 'addonversion',
  18 => 'uploadmode',
) ]
[ info ] [ BEHAVIOR ] Run app\admin\behavior\AdminLog @app_end [ RunTime:0.000000s ]
[ info ] [ LOG ] INIT File
[ sql ] [ DB ] CONNECT:[ UseTime:0.003000s ] mysql:host=127.0.0.1;dbname=fastadmin;charset=utf8
[ sql ] [ SQL ] SHOW COLUMNS FROM `fa_auth_group_access` [ RunTime:0.010000s ]
[ sql ] [ SQL ] SELECT `aga`.`uid`,`aga`.`group_id`,`ag`.`id`,`ag`.`pid`,`ag`.`name`,`ag`.`rules` FROM `fa_auth_group_access` `aga` LEFT JOIN `fa_auth_group` `ag` ON `aga`.`group_id`=`ag`.`id` WHERE  (  aga.uid='1' and ag.status='normal' ) [ RunTime:0.001000s ]
[ sql ] [ SQL ] SHOW COLUMNS FROM `fa_auth_rule` [ RunTime:0.011000s ]
[ sql ] [ SQL ] SELECT `id`,`pid`,`condition`,`icon`,`name`,`title`,`ismenu` FROM `fa_auth_rule` WHERE  `status` = 'normal' [ RunTime:0.001000s ]
[ sql ] [ SQL ] SHOW COLUMNS FROM `fa_num` [ RunTime:0.010000s ]
[ sql ] [ SQL ] SELECT `cl`.`name`,`n`.`num` FROM `fa_num` `n` INNER JOIN `fa_company_level` `cl` ON `n`.`exid`=`cl`.`id` WHERE  `num_type` = 3 [ RunTime:0.001000s ]
[ sql ] [ SQL ] SELECT `title`,`remark` FROM `fa_auth_rule` WHERE  `name` = 'dashboard' LIMIT 1 [ RunTime:0.000000s ]
---------------------------------------------------------------
[ 2018-06-28T15:15:07+08:00 ] 127.0.0.1 GET /admin/ajax/lang?callback=define&controllername=dashboard&v=1530170107
[ info ] www.fastadminsong.com/admin/ajax/lang?callback=define&controllername=dashboard&v=1530170107 [运行时间：0.030000s][吞吐率：33.33req/s] [内存消耗：2,199.30kb] [文件加载：76]
[ info ] [ BEHAVIOR ] Run Closure @app_init [ RunTime:0.000000s ]
[ info ] [ CACHE ] INIT File
[ info ] [ BEHAVIOR ] Run Closure @app_init [ RunTime:0.002000s ]
[ info ] [ LANG ] D:\phpStudy\WWW\FastAdmin\thinkphp\lang\zh-cn.php
[ info ] [ ROUTE ] array (
  'type' => 'module',
  'module' => 
  array (
    0 => 'admin',
    1 => 'ajax',
    2 => 'lang',
  ),
)
[ info ] [ HEADER ] array (
  'cookie' => 'thinkphp_show_page_trace=0|0; thinkphp_show_page_trace=0|0; Hm_lvt_f8d0a8c400404989e195270b0bbf060a=1529996923,1530060863,1530144015; PHPSESSID=lponlmuutatabnmlt7e0a1p743; Hm_lpvt_f8d0a8c400404989e195270b0bbf060a=1530144020; keeplogin=1%7C86400%7C1530230479%7C76b90fd14ea595e1c6b5023d386727ac',
  'accept-language' => 'zh-CN,zh;q=0.9',
  'accept-encoding' => 'gzip, deflate',
  'referer' => 'http://www.fastadminsong.com/admin/dashboard?addtabs=1',
  'accept' => '*/*',
  'user-agent' => 'Mozilla/5.0 (Windows NT 6.1; WOW64) AppleWebKit/537.36 (KHTML, like Gecko) Chrome/64.0.3282.167 Safari/537.36',
  'connection' => 'close',
  'host' => 'www.fastadminsong.com',
)
[ info ] [ PARAM ] array (
  'callback' => 'define',
  'controllername' => 'dashboard',
  'v' => '1530170107',
)
[ info ] [ LANG ] D:\phpStudy\WWW\FastAdmin\public/../application/admin\lang\zh-cn.php
[ info ] [ BEHAVIOR ] Run app\common\behavior\Common @module_init [ RunTime:0.000000s ]
[ info ] [ SESSION ] INIT array (
  'id' => '',
  'var_session_id' => '',
  'prefix' => 'think',
  'type' => '',
  'auto_start' => true,
)
[ info ] [ LANG ] D:\phpStudy\WWW\FastAdmin\public/../application/admin/lang/zh-cn/ajax.php
[ info ] [ RUN ] app\admin\controller\Ajax->lang[ D:\phpStudy\WWW\FastAdmin\application\admin\controller\Ajax.php ]
[ info ] [ LANG ] D:\phpStudy\WWW\FastAdmin\public/../application/admin/lang/zh-cn/dashboard.php
[ info ] [ BEHAVIOR ] Run app\admin\behavior\AdminLog @app_end [ RunTime:0.000000s ]
[ info ] [ LOG ] INIT File
---------------------------------------------------------------
[ 2018-06-28T15:15:08+08:00 ] 127.0.0.1 GET /admin/songtest?addtabs=1
[ info ] www.fastadminsong.com/admin/songtest?addtabs=1 [运行时间：0.107000s][吞吐率：9.35req/s] [内存消耗：2,909.46kb] [文件加载：82]
[ info ] [ BEHAVIOR ] Run Closure @app_init [ RunTime:0.000000s ]
[ info ] [ CACHE ] INIT File
[ info ] [ BEHAVIOR ] Run Closure @app_init [ RunTime:0.003000s ]
[ info ] [ LANG ] D:\phpStudy\WWW\FastAdmin\thinkphp\lang\zh-cn.php
[ info ] [ ROUTE ] array (
  'type' => 'module',
  'module' => 
  array (
    0 => 'admin',
    1 => 'songtest',
    2 => NULL,
  ),
)
[ info ] [ HEADER ] array (
  'cookie' => 'thinkphp_show_page_trace=0|0; thinkphp_show_page_trace=0|0; Hm_lvt_f8d0a8c400404989e195270b0bbf060a=1529996923,1530060863,1530144015; PHPSESSID=lponlmuutatabnmlt7e0a1p743; Hm_lpvt_f8d0a8c400404989e195270b0bbf060a=1530144020; keeplogin=1%7C86400%7C1530230479%7C76b90fd14ea595e1c6b5023d386727ac',
  'accept-language' => 'zh-CN,zh;q=0.9',
  'accept-encoding' => 'gzip, deflate',
  'referer' => 'http://www.fastadminsong.com/admin/songtest?ref=addtabs',
  'accept' => 'text/html,application/xhtml+xml,application/xml;q=0.9,image/webp,image/apng,*/*;q=0.8',
  'user-agent' => 'Mozilla/5.0 (Windows NT 6.1; WOW64) AppleWebKit/537.36 (KHTML, like Gecko) Chrome/64.0.3282.167 Safari/537.36',
  'upgrade-insecure-requests' => '1',
  'connection' => 'close',
  'host' => 'www.fastadminsong.com',
)
[ info ] [ PARAM ] array (
  'addtabs' => '1',
)
[ info ] [ LANG ] D:\phpStudy\WWW\FastAdmin\public/../application/admin\lang\zh-cn.php
[ info ] [ BEHAVIOR ] Run app\common\behavior\Common @module_init [ RunTime:0.001000s ]
[ info ] [ SESSION ] INIT array (
  'id' => '',
  'var_session_id' => '',
  'prefix' => 'think',
  'type' => '',
  'auto_start' => true,
)
[ info ] [ DB ] INIT mysql
[ info ] [ RUN ] app\admin\controller\Songtest->index[ D:\phpStudy\WWW\FastAdmin\application\admin\controller\Songtest.php ]
[ info ] [ BEHAVIOR ] Run app\admin\behavior\AdminLog @app_end [ RunTime:0.001000s ]
[ info ] [ LOG ] INIT File
[ sql ] [ DB ] CONNECT:[ UseTime:0.003000s ] mysql:host=127.0.0.1;dbname=fastadmin;charset=utf8
[ sql ] [ SQL ] SHOW COLUMNS FROM `fa_auth_group_access` [ RunTime:0.011000s ]
[ sql ] [ SQL ] SELECT `aga`.`uid`,`aga`.`group_id`,`ag`.`id`,`ag`.`pid`,`ag`.`name`,`ag`.`rules` FROM `fa_auth_group_access` `aga` LEFT JOIN `fa_auth_group` `ag` ON `aga`.`group_id`=`ag`.`id` WHERE  (  aga.uid='1' and ag.status='normal' ) [ RunTime:0.001000s ]
[ sql ] [ SQL ] SHOW COLUMNS FROM `fa_auth_rule` [ RunTime:0.012000s ]
[ sql ] [ SQL ] SELECT `id`,`pid`,`condition`,`icon`,`name`,`title`,`ismenu` FROM `fa_auth_rule` WHERE  `status` = 'normal' [ RunTime:0.002000s ]
[ sql ] [ SQL ] SHOW COLUMNS FROM `fa_num` [ RunTime:0.011000s ]
[ sql ] [ SQL ] SELECT `cl`.`name`,`n`.`num` FROM `fa_num` `n` INNER JOIN `fa_company_level` `cl` ON `n`.`exid`=`cl`.`id` WHERE  `num_type` = 3 [ RunTime:0.000000s ]
[ sql ] [ SQL ] SELECT `bs`.`name`,`n`.`num` FROM `fa_num` `n` INNER JOIN `fa_business_scope` `bs` ON `n`.`exid`=`bs`.`id` WHERE  `num_type` = 4 [ RunTime:0.000000s ]
